{"/home/travis/build/npmtest/node-npmtest-react-native-sqlite-storage/test.js":{"path":"/home/travis/build/npmtest/node-npmtest-react-native-sqlite-storage/test.js","s":{"1":2,"2":2,"3":2,"4":2,"5":2,"6":2,"7":2,"8":1,"9":2,"10":2,"11":1,"12":1,"13":1,"14":1,"15":2,"16":2,"17":2,"18":2,"19":1,"20":1,"21":2,"22":2,"23":2,"24":1,"25":1,"26":1,"27":1,"28":1,"29":1,"30":1,"31":1,"32":1,"33":1,"34":1,"35":1,"36":1,"37":1,"38":1,"39":2,"40":2,"41":1,"42":2,"43":2,"44":1,"45":2,"46":2,"47":1,"48":2,"49":2,"50":1,"51":1,"52":1,"53":1,"54":1},"b":{"1":[2,1,1,1],"2":[1,1,1,1],"3":[1,1],"4":[1,1],"5":[1,1],"6":[1,1],"7":[1,1],"8":[1,1],"9":[1,1],"10":[1,1,1],"11":[1,1],"12":[1,1],"13":[1,1],"14":[1,1],"15":[1,1],"16":[1,1],"17":[1,1]},"f":{"1":2,"2":2,"3":2,"4":2,"5":2,"6":1,"7":1,"8":1,"9":2,"10":2,"11":2,"12":2,"13":1},"fnMap":{"1":{"name":"(anonymous_1)","line":12,"loc":{"start":{"line":12,"column":1},"end":{"line":12,"column":13}}},"2":{"name":"(anonymous_2)","line":19,"loc":{"start":{"line":19,"column":5},"end":{"line":19,"column":17}}},"3":{"name":"(anonymous_3)","line":23,"loc":{"start":{"line":23,"column":24},"end":{"line":23,"column":36}}},"4":{"name":"(anonymous_4)","line":61,"loc":{"start":{"line":61,"column":5},"end":{"line":61,"column":17}}},"5":{"name":"(anonymous_5)","line":82,"loc":{"start":{"line":82,"column":5},"end":{"line":82,"column":17}}},"6":{"name":"(anonymous_6)","line":91,"loc":{"start":{"line":91,"column":77},"end":{"line":94,"column":10}}},"7":{"name":"(anonymous_7)","line":112,"loc":{"start":{"line":112,"column":83},"end":{"line":115,"column":10}},"skip":true},"8":{"name":"(anonymous_8)","line":123,"loc":{"start":{"line":123,"column":77},"end":{"line":126,"column":10}},"skip":true},"9":{"name":"(anonymous_9)","line":139,"loc":{"start":{"line":139,"column":12},"end":{"line":139,"column":40}},"skip":true},"10":{"name":"(anonymous_10)","line":147,"loc":{"start":{"line":147,"column":77},"end":{"line":150,"column":10}},"skip":true},"11":{"name":"(anonymous_11)","line":158,"loc":{"start":{"line":158,"column":83},"end":{"line":161,"column":10}},"skip":true},"12":{"name":"(anonymous_12)","line":169,"loc":{"start":{"line":169,"column":79},"end":{"line":172,"column":10}},"skip":true},"13":{"name":"(anonymous_13)","line":180,"loc":{"start":{"line":180,"column":75},"end":{"line":183,"column":10}},"skip":true}},"statementMap":{"1":{"start":{"line":12,"column":0},"end":{"line":195,"column":5}},"2":{"start":{"line":14,"column":4},"end":{"line":14,"column":14}},"3":{"start":{"line":19,"column":4},"end":{"line":56,"column":9}},"4":{"start":{"line":21,"column":8},"end":{"line":21,"column":19}},"5":{"start":{"line":23,"column":8},"end":{"line":35,"column":13}},"6":{"start":{"line":24,"column":12},"end":{"line":34,"column":13}},"7":{"start":{"line":25,"column":16},"end":{"line":28,"column":30}},"8":{"start":{"line":30,"column":16},"end":{"line":33,"column":27}},"9":{"start":{"line":37,"column":8},"end":{"line":39,"column":21}},"10":{"start":{"line":40,"column":8},"end":{"line":53,"column":9}},"11":{"start":{"line":43,"column":12},"end":{"line":46,"column":14}},"12":{"start":{"line":47,"column":12},"end":{"line":47,"column":18}},"13":{"start":{"line":50,"column":12},"end":{"line":51,"column":33}},"14":{"start":{"line":52,"column":12},"end":{"line":52,"column":18}},"15":{"start":{"line":55,"column":8},"end":{"line":55,"column":35}},"16":{"start":{"line":61,"column":4},"end":{"line":63,"column":9}},"17":{"start":{"line":62,"column":8},"end":{"line":62,"column":15}},"18":{"start":{"line":64,"column":4},"end":{"line":77,"column":5}},"19":{"start":{"line":70,"column":8},"end":{"line":70,"column":14}},"20":{"start":{"line":76,"column":8},"end":{"line":76,"column":14}},"21":{"start":{"line":82,"column":4},"end":{"line":84,"column":9}},"22":{"start":{"line":83,"column":8},"end":{"line":83,"column":15}},"23":{"start":{"line":85,"column":4},"end":{"line":194,"column":5}},"24":{"start":{"line":91,"column":8},"end":{"line":99,"column":10}},"25":{"start":{"line":98,"column":12},"end":{"line":98,"column":35}},"26":{"start":{"line":102,"column":8},"end":{"line":104,"column":63}},"27":{"start":{"line":105,"column":8},"end":{"line":105,"column":14}},"28":{"start":{"line":112,"column":8},"end":{"line":121,"column":10},"skip":true},"29":{"start":{"line":119,"column":12},"end":{"line":119,"column":55},"skip":true},"30":{"start":{"line":120,"column":12},"end":{"line":120,"column":48},"skip":true},"31":{"start":{"line":123,"column":8},"end":{"line":136,"column":10},"skip":true},"32":{"start":{"line":130,"column":12},"end":{"line":130,"column":76},"skip":true},"33":{"start":{"line":131,"column":12},"end":{"line":131,"column":73},"skip":true},"34":{"start":{"line":132,"column":12},"end":{"line":132,"column":74},"skip":true},"35":{"start":{"line":133,"column":12},"end":{"line":133,"column":79},"skip":true},"36":{"start":{"line":134,"column":12},"end":{"line":134,"column":25},"skip":true},"37":{"start":{"line":135,"column":12},"end":{"line":135,"column":45},"skip":true},"38":{"start":{"line":138,"column":8},"end":{"line":145,"column":14},"skip":true},"39":{"start":{"line":143,"column":16},"end":{"line":143,"column":29},"skip":true},"40":{"start":{"line":144,"column":16},"end":{"line":144,"column":55},"skip":true},"41":{"start":{"line":147,"column":8},"end":{"line":156,"column":10},"skip":true},"42":{"start":{"line":154,"column":12},"end":{"line":154,"column":25},"skip":true},"43":{"start":{"line":155,"column":12},"end":{"line":155,"column":45},"skip":true},"44":{"start":{"line":158,"column":8},"end":{"line":167,"column":10},"skip":true},"45":{"start":{"line":165,"column":12},"end":{"line":165,"column":25},"skip":true},"46":{"start":{"line":166,"column":12},"end":{"line":166,"column":48},"skip":true},"47":{"start":{"line":169,"column":8},"end":{"line":178,"column":10},"skip":true},"48":{"start":{"line":176,"column":12},"end":{"line":176,"column":25},"skip":true},"49":{"start":{"line":177,"column":12},"end":{"line":177,"column":46},"skip":true},"50":{"start":{"line":180,"column":8},"end":{"line":189,"column":10},"skip":true},"51":{"start":{"line":187,"column":12},"end":{"line":187,"column":94},"skip":true},"52":{"start":{"line":188,"column":12},"end":{"line":188,"column":48},"skip":true},"53":{"start":{"line":192,"column":8},"end":{"line":192,"column":35},"skip":true},"54":{"start":{"line":193,"column":8},"end":{"line":193,"column":14},"skip":true}},"branchMap":{"1":{"line":25,"type":"binary-expr","locations":[{"start":{"line":25,"column":23},"end":{"line":25,"column":62}},{"start":{"line":26,"column":20},"end":{"line":26,"column":70}},{"start":{"line":27,"column":20},"end":{"line":27,"column":71}},{"start":{"line":28,"column":20},"end":{"line":28,"column":29}}]},"2":{"line":30,"type":"binary-expr","locations":[{"start":{"line":30,"column":23},"end":{"line":30,"column":37}},{"start":{"line":31,"column":20},"end":{"line":31,"column":61}},{"start":{"line":32,"column":20},"end":{"line":32,"column":70}},{"start":{"line":33,"column":20},"end":{"line":33,"column":26}}]},"3":{"line":37,"type":"cond-expr","locations":[{"start":{"line":38,"column":14},"end":{"line":38,"column":20}},{"start":{"line":39,"column":14},"end":{"line":39,"column":20}}]},"4":{"line":40,"type":"switch","locations":[{"start":{"line":42,"column":8},"end":{"line":47,"column":18}},{"start":{"line":49,"column":8},"end":{"line":52,"column":18}}]},"5":{"line":44,"type":"binary-expr","locations":[{"start":{"line":44,"column":16},"end":{"line":44,"column":44}},{"start":{"line":44,"column":48},"end":{"line":44,"column":66}}]},"6":{"line":50,"type":"binary-expr","locations":[{"start":{"line":50,"column":21},"end":{"line":50,"column":49}},{"start":{"line":50,"column":53},"end":{"line":50,"column":72}}]},"7":{"line":64,"type":"switch","locations":[{"start":{"line":69,"column":4},"end":{"line":70,"column":14}},{"start":{"line":75,"column":4},"end":{"line":76,"column":14}}]},"8":{"line":85,"type":"switch","locations":[{"start":{"line":90,"column":4},"end":{"line":105,"column":14}},{"start":{"line":111,"column":4},"end":{"line":193,"column":14},"skip":true}]},"9":{"line":91,"type":"binary-expr","locations":[{"start":{"line":91,"column":42},"end":{"line":91,"column":73}},{"start":{"line":91,"column":77},"end":{"line":99,"column":9}}]},"10":{"line":102,"type":"binary-expr","locations":[{"start":{"line":102,"column":18},"end":{"line":102,"column":32}},{"start":{"line":103,"column":12},"end":{"line":103,"column":53}},{"start":{"line":104,"column":12},"end":{"line":104,"column":61}}]},"11":{"line":112,"type":"binary-expr","locations":[{"start":{"line":112,"column":45},"end":{"line":112,"column":79},"skip":true},{"start":{"line":112,"column":83},"end":{"line":121,"column":9},"skip":true}]},"12":{"line":123,"type":"binary-expr","locations":[{"start":{"line":123,"column":42},"end":{"line":123,"column":73},"skip":true},{"start":{"line":123,"column":77},"end":{"line":136,"column":9},"skip":true}]},"13":{"line":138,"type":"binary-expr","locations":[{"start":{"line":138,"column":48},"end":{"line":138,"column":85},"skip":true},{"start":{"line":139,"column":12},"end":{"line":145,"column":13},"skip":true}]},"14":{"line":147,"type":"binary-expr","locations":[{"start":{"line":147,"column":42},"end":{"line":147,"column":73},"skip":true},{"start":{"line":147,"column":77},"end":{"line":156,"column":9},"skip":true}]},"15":{"line":158,"type":"binary-expr","locations":[{"start":{"line":158,"column":45},"end":{"line":158,"column":79},"skip":true},{"start":{"line":158,"column":83},"end":{"line":167,"column":9},"skip":true}]},"16":{"line":169,"type":"binary-expr","locations":[{"start":{"line":169,"column":43},"end":{"line":169,"column":75},"skip":true},{"start":{"line":169,"column":79},"end":{"line":178,"column":9},"skip":true}]},"17":{"line":180,"type":"binary-expr","locations":[{"start":{"line":180,"column":41},"end":{"line":180,"column":71},"skip":true},{"start":{"line":180,"column":75},"end":{"line":189,"column":9},"skip":true}]}},"code":["/* istanbul instrument in package npmtest_react_native_sqlite_storage */","/*jslint","    bitwise: true,","    browser: true,","    maxerr: 8,","    maxlen: 96,","    node: true,","    nomen: true,","    regexp: true,","    stupid: true","*/","(function () {","    'use strict';","    var local;","","","","    // run shared js-env code - init-before","    (function () {","        // init local","        local = {};","        // init modeJs","        local.modeJs = (function () {","            try {","                return typeof navigator.userAgent === 'string' &&","                    typeof document.querySelector('body') === 'object' &&","                    typeof XMLHttpRequest.prototype.open === 'function' &&","                    'browser';","            } catch (errorCaughtBrowser) {","                return module.exports &&","                    typeof process.versions.node === 'string' &&","                    typeof require('http').createServer === 'function' &&","                    'node';","            }","        }());","        // init global","        local.global = local.modeJs === 'browser'","            ? window","            : global;","        switch (local.modeJs) {","        // re-init local from window.local","        case 'browser':","            local = local.global.utility2.objectSetDefault(","                local.global.utility2_rollup || local.global.local,","                local.global.utility2","            );","            break;","        // re-init local from example.js","        case 'node':","            local = (local.global.utility2_rollup || require('utility2'))","                .requireReadme();","            break;","        }","        // export local","        local.global.local = local;","    }());","","","","    // run shared js-env code - function","    (function () {","        return;","    }());","    switch (local.modeJs) {","","","","    // run browser js-env code - function","    case 'browser':","        break;","","","","    // run node js-env code - function","    case 'node':","        break;","    }","","","","    // run shared js-env code - init-after","    (function () {","        return;","    }());","    switch (local.modeJs) {","","","","    // run browser js-env code - init-after","    case 'browser':","        local.testCase_browser_nullCase = local.testCase_browser_nullCase || function (","            options,","            onError","        ) {","        /*","         * this function will test browsers's null-case handling-behavior-behavior","         */","            onError(null, options);","        };","","        // run tests","        local.nop(local.modeTest &&","            document.querySelector('#testRunButton1') &&","            document.querySelector('#testRunButton1').click());","        break;","","","","    // run node js-env code - init-after","    /* istanbul ignore next */","    case 'node':","        local.testCase_buildApidoc_default = local.testCase_buildApidoc_default || function (","            options,","            onError","        ) {","        /*","         * this function will test buildApidoc's default handling-behavior-behavior","         */","            options = { modulePathList: module.paths };","            local.buildApidoc(options, onError);","        };","","        local.testCase_buildApp_default = local.testCase_buildApp_default || function (","            options,","            onError","        ) {","        /*","         * this function will test buildApp's default handling-behavior-behavior","         */","            local.testCase_buildReadme_default(options, local.onErrorThrow);","            local.testCase_buildLib_default(options, local.onErrorThrow);","            local.testCase_buildTest_default(options, local.onErrorThrow);","            local.testCase_buildCustomOrg_default(options, local.onErrorThrow);","            options = [];","            local.buildApp(options, onError);","        };","","        local.testCase_buildCustomOrg_default = local.testCase_buildCustomOrg_default ||","            function (options, onError) {","            /*","             * this function will test buildCustomOrg's default handling-behavior","             */","                options = {};","                local.buildCustomOrg(options, onError);","            };","","        local.testCase_buildLib_default = local.testCase_buildLib_default || function (","            options,","            onError","        ) {","        /*","         * this function will test buildLib's default handling-behavior","         */","            options = {};","            local.buildLib(options, onError);","        };","","        local.testCase_buildReadme_default = local.testCase_buildReadme_default || function (","            options,","            onError","        ) {","        /*","         * this function will test buildReadme's default handling-behavior-behavior","         */","            options = {};","            local.buildReadme(options, onError);","        };","","        local.testCase_buildTest_default = local.testCase_buildTest_default || function (","            options,","            onError","        ) {","        /*","         * this function will test buildTest's default handling-behavior","         */","            options = {};","            local.buildTest(options, onError);","        };","","        local.testCase_webpage_default = local.testCase_webpage_default || function (","            options,","            onError","        ) {","        /*","         * this function will test webpage's default handling-behavior","         */","            options = { modeCoverageMerge: true, url: local.serverLocalHost + '?modeTest=1' };","            local.browserTest(options, onError);","        };","","        // run test-server","        local.testRunServer(local);","        break;","    }","}());",""],"l":{"12":2,"14":2,"19":2,"21":2,"23":2,"24":2,"25":2,"30":1,"37":2,"40":2,"43":1,"47":1,"50":1,"52":1,"55":2,"61":2,"62":2,"64":2,"70":1,"76":1,"82":2,"83":2,"85":2,"91":1,"98":1,"102":1,"105":1,"112":1,"119":1,"120":1,"123":1,"130":1,"131":1,"132":1,"133":1,"134":1,"135":1,"138":1,"143":2,"144":2,"147":1,"154":2,"155":2,"158":1,"165":2,"166":2,"169":1,"176":2,"177":2,"180":1,"187":1,"188":1,"192":1,"193":1}},"/home/travis/build/npmtest/node-npmtest-react-native-sqlite-storage/lib.npmtest_react_native_sqlite_storage.js":{"path":"/home/travis/build/npmtest/node-npmtest-react-native-sqlite-storage/lib.npmtest_react_native_sqlite_storage.js","s":{"1":2,"2":2,"3":2,"4":2,"5":2,"6":2,"7":2,"8":1,"9":2,"10":2,"11":2,"12":2,"13":1,"14":1,"15":1,"16":1},"b":{"1":[2,1,1,1],"2":[1,1,1,1],"3":[1,1],"4":[2,2],"5":[1,1]},"f":{"1":2,"2":2,"3":2},"fnMap":{"1":{"name":"(anonymous_1)","line":12,"loc":{"start":{"line":12,"column":1},"end":{"line":12,"column":13}}},"2":{"name":"(anonymous_2)","line":19,"loc":{"start":{"line":19,"column":5},"end":{"line":19,"column":17}}},"3":{"name":"(anonymous_3)","line":23,"loc":{"start":{"line":23,"column":24},"end":{"line":23,"column":36}}}},"statementMap":{"1":{"start":{"line":12,"column":0},"end":{"line":53,"column":5}},"2":{"start":{"line":14,"column":4},"end":{"line":14,"column":14}},"3":{"start":{"line":19,"column":4},"end":{"line":52,"column":9}},"4":{"start":{"line":21,"column":8},"end":{"line":21,"column":19}},"5":{"start":{"line":23,"column":8},"end":{"line":35,"column":13}},"6":{"start":{"line":24,"column":12},"end":{"line":34,"column":13}},"7":{"start":{"line":25,"column":16},"end":{"line":28,"column":30}},"8":{"start":{"line":30,"column":16},"end":{"line":33,"column":27}},"9":{"start":{"line":37,"column":8},"end":{"line":39,"column":21}},"10":{"start":{"line":41,"column":8},"end":{"line":41,"column":54}},"11":{"start":{"line":43,"column":8},"end":{"line":43,"column":72}},"12":{"start":{"line":45,"column":8},"end":{"line":51,"column":9}},"13":{"start":{"line":46,"column":12},"end":{"line":46,"column":78}},"14":{"start":{"line":48,"column":12},"end":{"line":48,"column":35}},"15":{"start":{"line":49,"column":12},"end":{"line":49,"column":49}},"16":{"start":{"line":50,"column":12},"end":{"line":50,"column":43}}},"branchMap":{"1":{"line":25,"type":"binary-expr","locations":[{"start":{"line":25,"column":23},"end":{"line":25,"column":62}},{"start":{"line":26,"column":20},"end":{"line":26,"column":70}},{"start":{"line":27,"column":20},"end":{"line":27,"column":71}},{"start":{"line":28,"column":20},"end":{"line":28,"column":29}}]},"2":{"line":30,"type":"binary-expr","locations":[{"start":{"line":30,"column":23},"end":{"line":30,"column":37}},{"start":{"line":31,"column":20},"end":{"line":31,"column":61}},{"start":{"line":32,"column":20},"end":{"line":32,"column":70}},{"start":{"line":33,"column":20},"end":{"line":33,"column":26}}]},"3":{"line":37,"type":"cond-expr","locations":[{"start":{"line":38,"column":14},"end":{"line":38,"column":20}},{"start":{"line":39,"column":14},"end":{"line":39,"column":20}}]},"4":{"line":41,"type":"binary-expr","locations":[{"start":{"line":41,"column":16},"end":{"line":41,"column":44}},{"start":{"line":41,"column":48},"end":{"line":41,"column":53}}]},"5":{"line":45,"type":"if","locations":[{"start":{"line":45,"column":8},"end":{"line":45,"column":8}},{"start":{"line":45,"column":8},"end":{"line":45,"column":8}}]}},"code":["/* istanbul instrument in package npmtest_react_native_sqlite_storage */","/*jslint","    bitwise: true,","    browser: true,","    maxerr: 8,","    maxlen: 96,","    node: true,","    nomen: true,","    regexp: true,","    stupid: true","*/","(function () {","    'use strict';","    var local;","","","","    // run shared js-env code - init-before","    (function () {","        // init local","        local = {};","        // init modeJs","        local.modeJs = (function () {","            try {","                return typeof navigator.userAgent === 'string' &&","                    typeof document.querySelector('body') === 'object' &&","                    typeof XMLHttpRequest.prototype.open === 'function' &&","                    'browser';","            } catch (errorCaughtBrowser) {","                return module.exports &&","                    typeof process.versions.node === 'string' &&","                    typeof require('http').createServer === 'function' &&","                    'node';","            }","        }());","        // init global","        local.global = local.modeJs === 'browser'","            ? window","            : global;","        // init utility2_rollup","        local = local.global.utility2_rollup || local;","        // init lib","        local.local = local.npmtest_react_native_sqlite_storage = local;","        // init exports","        if (local.modeJs === 'browser') {","            local.global.utility2_npmtest_react_native_sqlite_storage = local;","        } else {","            module.exports = local;","            module.exports.__dirname = __dirname;","            module.exports.module = module;","        }","    }());","}());",""],"l":{"12":2,"14":2,"19":2,"21":2,"23":2,"24":2,"25":2,"30":1,"37":2,"41":2,"43":2,"45":2,"46":1,"48":1,"49":1,"50":1}},"/home/travis/build/npmtest/node-npmtest-react-native-sqlite-storage/example.js":{"path":"/home/travis/build/npmtest/node-npmtest-react-native-sqlite-storage/example.js","s":{"1":2,"2":2,"3":2,"4":2,"5":2,"6":2,"7":2,"8":1,"9":2,"10":2,"11":2,"12":2,"13":1,"14":2,"15":2,"16":2,"17":2,"18":2,"19":0,"20":2,"21":1,"22":1,"23":1,"24":1,"25":1,"26":0,"27":0,"28":1,"29":1,"30":2,"31":0,"32":0,"33":0,"34":1,"35":2,"36":2,"37":3,"38":3,"39":3,"40":3,"41":0,"42":3,"43":3,"44":3,"45":1,"46":3,"47":1,"48":1,"49":1,"50":1,"51":1,"52":1,"53":1,"54":1,"55":1,"56":1,"57":0,"58":1,"59":6,"60":6,"61":1,"62":2,"63":0,"64":2,"65":1,"66":1,"67":0,"68":0,"69":0,"70":0,"71":0,"72":0,"73":0,"74":0,"75":0,"76":0,"77":0,"78":0,"79":0,"80":0,"81":0,"82":0,"83":0},"b":{"1":[2,1,1,1],"2":[1,1,1,1],"3":[1,1],"4":[2,2],"5":[1,1],"6":[1,1],"7":[2,0],"8":[2,1,1,1,1,1],"9":[0,2,0],"10":[1,1],"11":[2,1,1],"12":[1,0],"13":[0,2],"14":[2,0,0,0,0,0,0],"15":[0,3],"16":[3,0],"17":[1,1],"18":[0,1],"19":[1,2,0,2],"20":[1,0],"21":[1,1],"22":[0,0],"23":[0,0],"24":[0,0],"25":[0,0],"26":[0,0],"27":[0,0],"28":[0,0]},"f":{"1":2,"2":2,"3":2,"4":2,"5":2,"6":2,"7":3,"8":3,"9":3,"10":1,"11":6,"12":0},"fnMap":{"1":{"name":"(anonymous_1)","line":26,"loc":{"start":{"line":26,"column":1},"end":{"line":26,"column":13}}},"2":{"name":"(anonymous_2)","line":33,"loc":{"start":{"line":33,"column":5},"end":{"line":33,"column":17}}},"3":{"name":"(anonymous_3)","line":37,"loc":{"start":{"line":37,"column":24},"end":{"line":37,"column":36}}},"4":{"name":"(anonymous_4)","line":69,"loc":{"start":{"line":69,"column":31},"end":{"line":69,"column":48}},"skip":true},"5":{"name":"(anonymous_5)","line":78,"loc":{"start":{"line":78,"column":26},"end":{"line":78,"column":45}},"skip":true},"6":{"name":"(anonymous_6)","line":123,"loc":{"start":{"line":123,"column":33},"end":{"line":123,"column":48}},"skip":true},"7":{"name":"(anonymous_7)","line":125,"loc":{"start":{"line":125,"column":27},"end":{"line":125,"column":39}},"skip":true},"8":{"name":"(anonymous_8)","line":133,"loc":{"start":{"line":133,"column":59},"end":{"line":133,"column":74}},"skip":true},"9":{"name":"(anonymous_9)","line":143,"loc":{"start":{"line":143,"column":45},"end":{"line":143,"column":62}},"skip":true},"10":{"name":"(anonymous_10)","line":144,"loc":{"start":{"line":144,"column":73},"end":{"line":144,"column":92}},"skip":true},"11":{"name":"(anonymous_11)","line":272,"loc":{"start":{"line":272,"column":51},"end":{"line":272,"column":77}},"skip":true},"12":{"name":"(anonymous_12)","line":315,"loc":{"start":{"line":315,"column":32},"end":{"line":315,"column":61}},"skip":true}},"statementMap":{"1":{"start":{"line":26,"column":0},"end":{"line":326,"column":5}},"2":{"start":{"line":28,"column":4},"end":{"line":28,"column":14}},"3":{"start":{"line":33,"column":4},"end":{"line":60,"column":9}},"4":{"start":{"line":35,"column":8},"end":{"line":35,"column":19}},"5":{"start":{"line":37,"column":8},"end":{"line":49,"column":13}},"6":{"start":{"line":38,"column":12},"end":{"line":48,"column":13}},"7":{"start":{"line":39,"column":16},"end":{"line":42,"column":30}},"8":{"start":{"line":44,"column":16},"end":{"line":47,"column":27}},"9":{"start":{"line":51,"column":8},"end":{"line":53,"column":21}},"10":{"start":{"line":55,"column":8},"end":{"line":57,"column":45}},"11":{"start":{"line":59,"column":8},"end":{"line":59,"column":35}},"12":{"start":{"line":61,"column":4},"end":{"line":325,"column":5}},"13":{"start":{"line":69,"column":8},"end":{"line":121,"column":10},"skip":true},"14":{"start":{"line":70,"column":12},"end":{"line":88,"column":13},"skip":true},"15":{"start":{"line":76,"column":16},"end":{"line":87,"column":19},"skip":true},"16":{"start":{"line":79,"column":20},"end":{"line":86,"column":21},"skip":true},"17":{"start":{"line":82,"column":24},"end":{"line":82,"column":43},"skip":true},"18":{"start":{"line":83,"column":24},"end":{"line":83,"column":30},"skip":true},"19":{"start":{"line":85,"column":24},"end":{"line":85,"column":49},"skip":true},"20":{"start":{"line":89,"column":12},"end":{"line":107,"column":13},"skip":true},"21":{"start":{"line":92,"column":16},"end":{"line":102,"column":17},"skip":true},"22":{"start":{"line":93,"column":20},"end":{"line":93,"column":86},"skip":true},"23":{"start":{"line":94,"column":20},"end":{"line":95,"column":45},"skip":true},"24":{"start":{"line":96,"column":20},"end":{"line":96,"column":42},"skip":true},"25":{"start":{"line":97,"column":20},"end":{"line":97,"column":48},"skip":true},"26":{"start":{"line":100,"column":20},"end":{"line":100,"column":85},"skip":true},"27":{"start":{"line":101,"column":20},"end":{"line":101,"column":96},"skip":true},"28":{"start":{"line":103,"column":16},"end":{"line":103,"column":22},"skip":true},"29":{"start":{"line":106,"column":16},"end":{"line":106,"column":22},"skip":true},"30":{"start":{"line":108,"column":12},"end":{"line":120,"column":13},"skip":true},"31":{"start":{"line":114,"column":16},"end":{"line":119,"column":17},"skip":true},"32":{"start":{"line":116,"column":20},"end":{"line":116,"column":78},"skip":true},"33":{"start":{"line":118,"column":20},"end":{"line":118,"column":47},"skip":true},"34":{"start":{"line":123,"column":8},"end":{"line":141,"column":11},"skip":true},"35":{"start":{"line":124,"column":12},"end":{"line":124,"column":54},"skip":true},"36":{"start":{"line":125,"column":12},"end":{"line":140,"column":14},"skip":true},"37":{"start":{"line":126,"column":16},"end":{"line":126,"column":28},"skip":true},"38":{"start":{"line":127,"column":16},"end":{"line":127,"column":69},"skip":true},"39":{"start":{"line":128,"column":16},"end":{"line":128,"column":75},"skip":true},"40":{"start":{"line":129,"column":16},"end":{"line":131,"column":17},"skip":true},"41":{"start":{"line":130,"column":20},"end":{"line":130,"column":27},"skip":true},"42":{"start":{"line":133,"column":16},"end":{"line":137,"column":36},"skip":true},"43":{"start":{"line":134,"column":20},"end":{"line":136,"column":55},"skip":true},"44":{"start":{"line":139,"column":16},"end":{"line":139,"column":57},"skip":true},"45":{"start":{"line":143,"column":8},"end":{"line":147,"column":11},"skip":true},"46":{"start":{"line":144,"column":12},"end":{"line":146,"column":15},"skip":true},"47":{"start":{"line":145,"column":16},"end":{"line":145,"column":70},"skip":true},"48":{"start":{"line":149,"column":8},"end":{"line":149,"column":31},"skip":true},"49":{"start":{"line":150,"column":8},"end":{"line":150,"column":14},"skip":true},"50":{"start":{"line":158,"column":8},"end":{"line":158,"column":31},"skip":true},"51":{"start":{"line":160,"column":8},"end":{"line":160,"column":33},"skip":true},"52":{"start":{"line":161,"column":8},"end":{"line":161,"column":37},"skip":true},"53":{"start":{"line":162,"column":8},"end":{"line":162,"column":35},"skip":true},"54":{"start":{"line":164,"column":8},"end":{"line":164,"column":50},"skip":true},"55":{"start":{"line":166,"column":8},"end":{"line":256,"column":2},"skip":true},"56":{"start":{"line":258,"column":8},"end":{"line":286,"column":9},"skip":true},"57":{"start":{"line":259,"column":12},"end":{"line":269,"column":14},"skip":true},"58":{"start":{"line":271,"column":12},"end":{"line":285,"column":19},"skip":true},"59":{"start":{"line":274,"column":20},"end":{"line":274,"column":35},"skip":true},"60":{"start":{"line":275,"column":20},"end":{"line":284,"column":21},"skip":true},"61":{"start":{"line":277,"column":24},"end":{"line":277,"column":64},"skip":true},"62":{"start":{"line":279,"column":24},"end":{"line":279,"column":40},"skip":true},"63":{"start":{"line":281,"column":24},"end":{"line":281,"column":40},"skip":true},"64":{"start":{"line":283,"column":24},"end":{"line":283,"column":39},"skip":true},"65":{"start":{"line":288,"column":8},"end":{"line":290,"column":9},"skip":true},"66":{"start":{"line":289,"column":12},"end":{"line":289,"column":18},"skip":true},"67":{"start":{"line":291,"column":8},"end":{"line":293,"column":54},"skip":true},"68":{"start":{"line":296,"column":8},"end":{"line":301,"column":37},"skip":true},"69":{"start":{"line":303,"column":8},"end":{"line":303,"column":82},"skip":true},"70":{"start":{"line":306,"column":8},"end":{"line":308,"column":9},"skip":true},"71":{"start":{"line":307,"column":12},"end":{"line":307,"column":82},"skip":true},"72":{"start":{"line":310,"column":8},"end":{"line":312,"column":9},"skip":true},"73":{"start":{"line":311,"column":12},"end":{"line":311,"column":18},"skip":true},"74":{"start":{"line":313,"column":8},"end":{"line":313,"column":54},"skip":true},"75":{"start":{"line":314,"column":8},"end":{"line":314,"column":69},"skip":true},"76":{"start":{"line":315,"column":8},"end":{"line":323,"column":36},"skip":true},"77":{"start":{"line":316,"column":12},"end":{"line":316,"column":61},"skip":true},"78":{"start":{"line":317,"column":12},"end":{"line":320,"column":13},"skip":true},"79":{"start":{"line":318,"column":16},"end":{"line":318,"column":75},"skip":true},"80":{"start":{"line":319,"column":16},"end":{"line":319,"column":23},"skip":true},"81":{"start":{"line":321,"column":12},"end":{"line":321,"column":38},"skip":true},"82":{"start":{"line":322,"column":12},"end":{"line":322,"column":27},"skip":true},"83":{"start":{"line":324,"column":8},"end":{"line":324,"column":14},"skip":true}},"branchMap":{"1":{"line":39,"type":"binary-expr","locations":[{"start":{"line":39,"column":23},"end":{"line":39,"column":62}},{"start":{"line":40,"column":20},"end":{"line":40,"column":70}},{"start":{"line":41,"column":20},"end":{"line":41,"column":71}},{"start":{"line":42,"column":20},"end":{"line":42,"column":29}}]},"2":{"line":44,"type":"binary-expr","locations":[{"start":{"line":44,"column":23},"end":{"line":44,"column":37}},{"start":{"line":45,"column":20},"end":{"line":45,"column":61}},{"start":{"line":46,"column":20},"end":{"line":46,"column":70}},{"start":{"line":47,"column":20},"end":{"line":47,"column":26}}]},"3":{"line":51,"type":"cond-expr","locations":[{"start":{"line":52,"column":14},"end":{"line":52,"column":20}},{"start":{"line":53,"column":14},"end":{"line":53,"column":20}}]},"4":{"line":55,"type":"binary-expr","locations":[{"start":{"line":55,"column":16},"end":{"line":55,"column":44}},{"start":{"line":55,"column":49},"end":{"line":57,"column":43}}]},"5":{"line":55,"type":"cond-expr","locations":[{"start":{"line":56,"column":14},"end":{"line":56,"column":71}},{"start":{"line":57,"column":14},"end":{"line":57,"column":43}}]},"6":{"line":61,"type":"switch","locations":[{"start":{"line":68,"column":4},"end":{"line":150,"column":14},"skip":true},{"start":{"line":156,"column":4},"end":{"line":324,"column":14},"skip":true}]},"7":{"line":70,"type":"if","locations":[{"start":{"line":70,"column":12},"end":{"line":70,"column":12},"skip":true},{"start":{"line":70,"column":12},"end":{"line":70,"column":12},"skip":true}]},"8":{"line":70,"type":"binary-expr","locations":[{"start":{"line":70,"column":16},"end":{"line":70,"column":22},"skip":true},{"start":{"line":70,"column":27},"end":{"line":70,"column":32},"skip":true},{"start":{"line":71,"column":20},"end":{"line":71,"column":39},"skip":true},{"start":{"line":72,"column":20},"end":{"line":72,"column":49},"skip":true},{"start":{"line":73,"column":20},"end":{"line":73,"column":58},"skip":true},{"start":{"line":74,"column":20},"end":{"line":74,"column":69},"skip":true}]},"9":{"line":79,"type":"switch","locations":[{"start":{"line":80,"column":20},"end":{"line":80,"column":33},"skip":true},{"start":{"line":81,"column":20},"end":{"line":83,"column":30},"skip":true},{"start":{"line":84,"column":20},"end":{"line":85,"column":49},"skip":true}]},"10":{"line":89,"type":"switch","locations":[{"start":{"line":90,"column":12},"end":{"line":103,"column":22},"skip":true},{"start":{"line":105,"column":12},"end":{"line":106,"column":22},"skip":true}]},"11":{"line":89,"type":"binary-expr","locations":[{"start":{"line":89,"column":20},"end":{"line":89,"column":25},"skip":true},{"start":{"line":89,"column":29},"end":{"line":89,"column":48},"skip":true},{"start":{"line":89,"column":52},"end":{"line":89,"column":74},"skip":true}]},"12":{"line":92,"type":"if","locations":[{"start":{"line":92,"column":16},"end":{"line":92,"column":16},"skip":true},{"start":{"line":92,"column":16},"end":{"line":92,"column":16},"skip":true}]},"13":{"line":108,"type":"if","locations":[{"start":{"line":108,"column":12},"end":{"line":108,"column":12},"skip":true},{"start":{"line":108,"column":12},"end":{"line":108,"column":12},"skip":true}]},"14":{"line":108,"type":"binary-expr","locations":[{"start":{"line":108,"column":16},"end":{"line":108,"column":61},"skip":true},{"start":{"line":108,"column":66},"end":{"line":108,"column":72},"skip":true},{"start":{"line":108,"column":77},"end":{"line":108,"column":82},"skip":true},{"start":{"line":109,"column":20},"end":{"line":109,"column":39},"skip":true},{"start":{"line":110,"column":20},"end":{"line":110,"column":49},"skip":true},{"start":{"line":111,"column":20},"end":{"line":111,"column":58},"skip":true},{"start":{"line":112,"column":20},"end":{"line":112,"column":68},"skip":true}]},"15":{"line":129,"type":"if","locations":[{"start":{"line":129,"column":16},"end":{"line":129,"column":16},"skip":true},{"start":{"line":129,"column":16},"end":{"line":129,"column":16},"skip":true}]},"16":{"line":134,"type":"cond-expr","locations":[{"start":{"line":135,"column":26},"end":{"line":135,"column":29},"skip":true},{"start":{"line":136,"column":26},"end":{"line":136,"column":54},"skip":true}]},"17":{"line":164,"type":"binary-expr","locations":[{"start":{"line":164,"column":27},"end":{"line":164,"column":43},"skip":true},{"start":{"line":164,"column":47},"end":{"line":164,"column":49},"skip":true}]},"18":{"line":258,"type":"if","locations":[{"start":{"line":258,"column":8},"end":{"line":258,"column":8},"skip":true},{"start":{"line":258,"column":8},"end":{"line":258,"column":8},"skip":true}]},"19":{"line":275,"type":"switch","locations":[{"start":{"line":276,"column":20},"end":{"line":277,"column":64},"skip":true},{"start":{"line":278,"column":20},"end":{"line":279,"column":40},"skip":true},{"start":{"line":280,"column":20},"end":{"line":281,"column":40},"skip":true},{"start":{"line":282,"column":20},"end":{"line":283,"column":39},"skip":true}]},"20":{"line":288,"type":"if","locations":[{"start":{"line":288,"column":8},"end":{"line":288,"column":8},"skip":true},{"start":{"line":288,"column":8},"end":{"line":288,"column":8},"skip":true}]},"21":{"line":288,"type":"binary-expr","locations":[{"start":{"line":288,"column":12},"end":{"line":288,"column":40},"skip":true},{"start":{"line":288,"column":44},"end":{"line":288,"column":67},"skip":true}]},"22":{"line":292,"type":"binary-expr","locations":[{"start":{"line":292,"column":12},"end":{"line":292,"column":50},"skip":true},{"start":{"line":293,"column":12},"end":{"line":293,"column":53},"skip":true}]},"23":{"line":297,"type":"binary-expr","locations":[{"start":{"line":297,"column":12},"end":{"line":297,"column":85},"skip":true},{"start":{"line":298,"column":12},"end":{"line":301,"column":36},"skip":true}]},"24":{"line":303,"type":"binary-expr","locations":[{"start":{"line":303,"column":43},"end":{"line":303,"column":75},"skip":true},{"start":{"line":303,"column":79},"end":{"line":303,"column":81},"skip":true}]},"25":{"line":306,"type":"if","locations":[{"start":{"line":306,"column":8},"end":{"line":306,"column":8},"skip":true},{"start":{"line":306,"column":8},"end":{"line":306,"column":8},"skip":true}]},"26":{"line":310,"type":"if","locations":[{"start":{"line":310,"column":8},"end":{"line":310,"column":8},"skip":true},{"start":{"line":310,"column":8},"end":{"line":310,"column":8},"skip":true}]},"27":{"line":313,"type":"binary-expr","locations":[{"start":{"line":313,"column":27},"end":{"line":313,"column":43},"skip":true},{"start":{"line":313,"column":47},"end":{"line":313,"column":53},"skip":true}]},"28":{"line":317,"type":"if","locations":[{"start":{"line":317,"column":12},"end":{"line":317,"column":12},"skip":true},{"start":{"line":317,"column":12},"end":{"line":317,"column":12},"skip":true}]}},"code":["/*","example.js","","quickstart example","","instruction","    1. save this script as example.js","    2. run the shell command:","        $ npm install npmtest-react-native-sqlite-storage && PORT=8081 node example.js","    3. play with the browser-demo on http://127.0.0.1:8081","*/","","","","/* istanbul instrument in package npmtest_react_native_sqlite_storage */","/*jslint","    bitwise: true,","    browser: true,","    maxerr: 8,","    maxlen: 96,","    node: true,","    nomen: true,","    regexp: true,","    stupid: true","*/","(function () {","    'use strict';","    var local;","","","","    // run shared js-env code - init-before","    (function () {","        // init local","        local = {};","        // init modeJs","        local.modeJs = (function () {","            try {","                return typeof navigator.userAgent === 'string' &&","                    typeof document.querySelector('body') === 'object' &&","                    typeof XMLHttpRequest.prototype.open === 'function' &&","                    'browser';","            } catch (errorCaughtBrowser) {","                return module.exports &&","                    typeof process.versions.node === 'string' &&","                    typeof require('http').createServer === 'function' &&","                    'node';","            }","        }());","        // init global","        local.global = local.modeJs === 'browser'","            ? window","            : global;","        // init utility2_rollup","        local = local.global.utility2_rollup || (local.modeJs === 'browser'","            ? local.global.utility2_npmtest_react_native_sqlite_storage","            : global.utility2_moduleExports);","        // export local","        local.global.local = local;","    }());","    switch (local.modeJs) {","","","","    // init-after","    // run browser js-env code - init-after","    /* istanbul ignore next */","    case 'browser':","        local.testRunBrowser = function (event) {","            if (!event || (event &&","                    event.currentTarget &&","                    event.currentTarget.className &&","                    event.currentTarget.className.includes &&","                    event.currentTarget.className.includes('onreset'))) {","                // reset output","                Array.from(","                    document.querySelectorAll('body > .resettable')","                ).forEach(function (element) {","                    switch (element.tagName) {","                    case 'INPUT':","                    case 'TEXTAREA':","                        element.value = '';","                        break;","                    default:","                        element.textContent = '';","                    }","                });","            }","            switch (event && event.currentTarget && event.currentTarget.id) {","            case 'testRunButton1':","                // show tests","                if (document.querySelector('#testReportDiv1').style.display === 'none') {","                    document.querySelector('#testReportDiv1').style.display = 'block';","                    document.querySelector('#testRunButton1').textContent =","                        'hide internal test';","                    local.modeTest = true;","                    local.testRunDefault(local);","                // hide tests","                } else {","                    document.querySelector('#testReportDiv1').style.display = 'none';","                    document.querySelector('#testRunButton1').textContent = 'run internal test';","                }","                break;","            // custom-case","            default:","                break;","            }","            if (document.querySelector('#inputTextareaEval1') && (!event || (event &&","                    event.currentTarget &&","                    event.currentTarget.className &&","                    event.currentTarget.className.includes &&","                    event.currentTarget.className.includes('oneval')))) {","                // try to eval input-code","                try {","                    /*jslint evil: true*/","                    eval(document.querySelector('#inputTextareaEval1').value);","                } catch (errorCaught) {","                    console.error(errorCaught);","                }","            }","        };","        // log stderr and stdout to #outputTextareaStdout1","        ['error', 'log'].forEach(function (key) {","            console[key + '_original'] = console[key];","            console[key] = function () {","                var element;","                console[key + '_original'].apply(console, arguments);","                element = document.querySelector('#outputTextareaStdout1');","                if (!element) {","                    return;","                }","                // append text to #outputTextareaStdout1","                element.value += Array.from(arguments).map(function (arg) {","                    return typeof arg === 'string'","                        ? arg","                        : JSON.stringify(arg, null, 4);","                }).join(' ') + '\\n';","                // scroll textarea to bottom","                element.scrollTop = element.scrollHeight;","            };","        });","        // init event-handling","        ['change', 'click', 'keyup'].forEach(function (event) {","            Array.from(document.querySelectorAll('.on' + event)).forEach(function (element) {","                element.addEventListener(event, local.testRunBrowser);","            });","        });","        // run tests","        local.testRunBrowser();","        break;","","","","    // run node js-env code - init-after","    /* istanbul ignore next */","    case 'node':","        // export local","        module.exports = local;","        // require modules","        local.fs = require('fs');","        local.http = require('http');","        local.url = require('url');","        // init assets","        local.assetsDict = local.assetsDict || {};","        /* jslint-ignore-begin */","        local.assetsDict['/assets.index.template.html'] = '\\","<!doctype html>\\n\\","<html lang=\"en\">\\n\\","<head>\\n\\","<meta charset=\"UTF-8\">\\n\\","<meta name=\"viewport\" content=\"width=device-width, initial-scale=1\">\\n\\","<title>{{env.npm_package_name}} (v{{env.npm_package_version}})</title>\\n\\","<style>\\n\\","/*csslint\\n\\","    box-sizing: false,\\n\\","    universal-selector: false\\n\\","*/\\n\\","* {\\n\\","    box-sizing: border-box;\\n\\","}\\n\\","body {\\n\\","    background: #dde;\\n\\","    font-family: Arial, Helvetica, sans-serif;\\n\\","    margin: 2rem;\\n\\","}\\n\\","body > * {\\n\\","    margin-bottom: 1rem;\\n\\","}\\n\\",".utility2FooterDiv {\\n\\","    margin-top: 20px;\\n\\","    text-align: center;\\n\\","}\\n\\","</style>\\n\\","<style>\\n\\","/*csslint\\n\\","*/\\n\\","textarea {\\n\\","    font-family: monospace;\\n\\","    height: 10rem;\\n\\","    width: 100%;\\n\\","}\\n\\","textarea[readonly] {\\n\\","    background: #ddd;\\n\\","}\\n\\","</style>\\n\\","</head>\\n\\","<body>\\n\\","<!-- utility2-comment\\n\\","<div id=\"ajaxProgressDiv1\" style=\"background: #d00; height: 2px; left: 0; margin: 0; padding: 0; position: fixed; top: 0; transition: background 0.5s, width 1.5s; width: 25%;\"></div>\\n\\","utility2-comment -->\\n\\","<h1>\\n\\","<!-- utility2-comment\\n\\","    <a\\n\\","        {{#if env.npm_package_homepage}}\\n\\","        href=\"{{env.npm_package_homepage}}\"\\n\\","        {{/if env.npm_package_homepage}}\\n\\","        target=\"_blank\"\\n\\","    >\\n\\","utility2-comment -->\\n\\","        {{env.npm_package_name}} (v{{env.npm_package_version}})\\n\\","<!-- utility2-comment\\n\\","    </a>\\n\\","utility2-comment -->\\n\\","</h1>\\n\\","<h3>{{env.npm_package_description}}</h3>\\n\\","<!-- utility2-comment\\n\\","<h4><a download href=\"assets.app.js\">download standalone app</a></h4>\\n\\","<button class=\"onclick onreset\" id=\"testRunButton1\">run internal test</button><br>\\n\\","<div id=\"testReportDiv1\" style=\"display: none;\"></div>\\n\\","utility2-comment -->\\n\\","\\n\\","\\n\\","\\n\\","<label>stderr and stdout</label>\\n\\","<textarea class=\"resettable\" id=\"outputTextareaStdout1\" readonly></textarea>\\n\\","<!-- utility2-comment\\n\\","{{#if isRollup}}\\n\\","<script src=\"assets.app.js\"></script>\\n\\","{{#unless isRollup}}\\n\\","utility2-comment -->\\n\\","<script src=\"assets.utility2.rollup.js\"></script>\\n\\","<script src=\"jsonp.utility2._stateInit?callback=window.utility2._stateInit\"></script>\\n\\","<script src=\"assets.npmtest_react_native_sqlite_storage.rollup.js\"></script>\\n\\","<script src=\"assets.example.js\"></script>\\n\\","<script src=\"assets.test.js\"></script>\\n\\","<!-- utility2-comment\\n\\","{{/if isRollup}}\\n\\","utility2-comment -->\\n\\","<div class=\"utility2FooterDiv\">\\n\\","    [ this app was created with\\n\\","    <a href=\"https://github.com/kaizhu256/node-utility2\" target=\"_blank\">utility2</a>\\n\\","    ]\\n\\","</div>\\n\\","</body>\\n\\","</html>\\n\\","';","        /* jslint-ignore-end */","        if (local.templateRender) {","            local.assetsDict['/'] = local.templateRender(","                local.assetsDict['/assets.index.template.html'],","                {","                    env: local.objectSetDefault(local.env, {","                        npm_package_description: 'the greatest app in the world!',","                        npm_package_name: 'my-app',","                        npm_package_nameAlias: 'my_app',","                        npm_package_version: '0.0.1'","                    })","                }","            );","        } else {","            local.assetsDict['/'] = local.assetsDict['/assets.index.template.html']","                .replace((/\\{\\{env\\.(\\w+?)\\}\\}/g), function (match0, match1) {","                    // jslint-hack","                    String(match0);","                    switch (match1) {","                    case 'npm_package_description':","                        return 'the greatest app in the world!';","                    case 'npm_package_name':","                        return 'my-app';","                    case 'npm_package_nameAlias':","                        return 'my_app';","                    case 'npm_package_version':","                        return '0.0.1';","                    }","                });","        }","        // run the cli","        if (local.global.utility2_rollup || module !== require.main) {","            break;","        }","        local.assetsDict['/assets.example.js'] =","            local.assetsDict['/assets.example.js'] ||","            local.fs.readFileSync(__filename, 'utf8');","        // bug-workaround - long $npm_package_buildCustomOrg","        /* jslint-ignore-begin */","        local.assetsDict['/assets.npmtest_react_native_sqlite_storage.rollup.js'] =","            local.assetsDict['/assets.npmtest_react_native_sqlite_storage.rollup.js'] ||","            local.fs.readFileSync(","                local.npmtest_react_native_sqlite_storage.__dirname + '/lib.npmtest_react_native_sqlite_storage.js',","                'utf8'","            ).replace((/^#!/), '//');","        /* jslint-ignore-end */","        local.assetsDict['/favicon.ico'] = local.assetsDict['/favicon.ico'] || '';","        // if $npm_config_timeout_exit exists,","        // then exit this process after $npm_config_timeout_exit ms","        if (Number(process.env.npm_config_timeout_exit)) {","            setTimeout(process.exit, Number(process.env.npm_config_timeout_exit));","        }","        // start server","        if (local.global.utility2_serverHttp1) {","            break;","        }","        process.env.PORT = process.env.PORT || '8081';","        console.error('server starting on port ' + process.env.PORT);","        local.http.createServer(function (request, response) {","            request.urlParsed = local.url.parse(request.url);","            if (local.assetsDict[request.urlParsed.pathname] !== undefined) {","                response.end(local.assetsDict[request.urlParsed.pathname]);","                return;","            }","            response.statusCode = 404;","            response.end();","        }).listen(process.env.PORT);","        break;","    }","}());",""],"l":{"26":2,"28":2,"33":2,"35":2,"37":2,"38":2,"39":2,"44":1,"51":2,"55":2,"59":2,"61":2,"69":1,"70":2,"76":2,"79":2,"82":2,"83":2,"85":1,"89":2,"92":1,"93":1,"94":1,"96":1,"97":1,"100":1,"101":1,"103":1,"106":1,"108":2,"114":1,"116":1,"118":1,"123":1,"124":2,"125":2,"126":3,"127":3,"128":3,"129":3,"130":1,"133":3,"134":3,"139":3,"143":1,"144":3,"145":1,"149":1,"150":1,"158":1,"160":1,"161":1,"162":1,"164":1,"166":1,"258":1,"259":1,"271":1,"274":6,"275":6,"277":1,"279":2,"281":1,"283":2,"288":1,"289":1,"291":1,"296":1,"303":1,"306":1,"307":1,"310":1,"311":1,"313":1,"314":1,"315":1,"316":1,"317":1,"318":1,"319":1,"321":1,"322":1,"324":1}},"/home/travis/build/npmtest/node-npmtest-react-native-sqlite-storage/node_modules/react-native-sqlite-storage/sqlite.js":{"path":"/home/travis/build/npmtest/node-npmtest-react-native-sqlite-storage/node_modules/react-native-sqlite-storage/sqlite.js","s":{"1":2,"2":0,"3":0,"4":0,"5":0,"6":0,"7":0,"8":0,"9":1,"10":0,"11":0,"12":0,"13":1,"14":0,"15":0,"16":0,"17":0,"18":1,"19":0,"20":0,"21":0,"22":0,"23":0,"24":0,"25":0,"26":0,"27":0,"28":0,"29":0,"30":0,"31":0,"32":0,"33":0,"34":0,"35":0,"36":0,"37":0,"38":0,"39":0,"40":0},"b":{"1":[0,0],"2":[0,0],"3":[0,0],"4":[0,0],"5":[0,0],"6":[0,0],"7":[0,0],"8":[0,0]},"f":{"1":0,"2":0,"3":0,"4":0,"5":0,"6":0},"fnMap":{"1":{"name":"enablePromiseRuntime","line":37,"loc":{"start":{"line":37,"column":0},"end":{"line":37,"column":37}}},"2":{"name":"createCallbackRuntime","line":44,"loc":{"start":{"line":44,"column":0},"end":{"line":44,"column":33}}},"3":{"name":"createPromiseRuntime","line":51,"loc":{"start":{"line":51,"column":0},"end":{"line":51,"column":32}}},"4":{"name":"(anonymous_4)","line":55,"loc":{"start":{"line":55,"column":38},"end":{"line":55,"column":55}}},"5":{"name":"(anonymous_5)","line":60,"loc":{"start":{"line":60,"column":22},"end":{"line":60,"column":39}}},"6":{"name":"(anonymous_6)","line":65,"loc":{"start":{"line":65,"column":20},"end":{"line":65,"column":33}}}},"statementMap":{"1":{"start":{"line":10,"column":0},"end":{"line":10,"column":45}},"2":{"start":{"line":11,"column":0},"end":{"line":11,"column":29}},"3":{"start":{"line":13,"column":0},"end":{"line":28,"column":2}},"4":{"start":{"line":30,"column":0},"end":{"line":30,"column":21}},"5":{"start":{"line":31,"column":0},"end":{"line":35,"column":3}},"6":{"start":{"line":32,"column":2},"end":{"line":32,"column":48}},"7":{"start":{"line":33,"column":2},"end":{"line":33,"column":51}},"8":{"start":{"line":34,"column":2},"end":{"line":34,"column":49}},"9":{"start":{"line":37,"column":0},"end":{"line":43,"column":1}},"10":{"start":{"line":38,"column":2},"end":{"line":42,"column":3}},"11":{"start":{"line":39,"column":4},"end":{"line":39,"column":27}},"12":{"start":{"line":41,"column":4},"end":{"line":41,"column":28}},"13":{"start":{"line":44,"column":0},"end":{"line":50,"column":1}},"14":{"start":{"line":45,"column":2},"end":{"line":48,"column":5}},"15":{"start":{"line":46,"column":4},"end":{"line":46,"column":97}},"16":{"start":{"line":47,"column":4},"end":{"line":47,"column":72}},"17":{"start":{"line":49,"column":2},"end":{"line":49,"column":46}},"18":{"start":{"line":51,"column":0},"end":{"line":82,"column":1}},"19":{"start":{"line":52,"column":2},"end":{"line":80,"column":5}},"20":{"start":{"line":53,"column":4},"end":{"line":53,"column":97}},"21":{"start":{"line":54,"column":4},"end":{"line":54,"column":53}},"22":{"start":{"line":55,"column":4},"end":{"line":79,"column":5}},"23":{"start":{"line":56,"column":6},"end":{"line":58,"column":7}},"24":{"start":{"line":57,"column":8},"end":{"line":57,"column":22}},"25":{"start":{"line":59,"column":6},"end":{"line":76,"column":9}},"26":{"start":{"line":60,"column":8},"end":{"line":64,"column":10}},"27":{"start":{"line":61,"column":10},"end":{"line":63,"column":11}},"28":{"start":{"line":62,"column":11},"end":{"line":62,"column":32}},"29":{"start":{"line":65,"column":8},"end":{"line":71,"column":10}},"30":{"start":{"line":66,"column":10},"end":{"line":66,"column":54}},"31":{"start":{"line":67,"column":10},"end":{"line":69,"column":11}},"32":{"start":{"line":68,"column":12},"end":{"line":68,"column":24}},"33":{"start":{"line":70,"column":10},"end":{"line":70,"column":23}},"34":{"start":{"line":72,"column":8},"end":{"line":72,"column":124}},"35":{"start":{"line":73,"column":8},"end":{"line":75,"column":9}},"36":{"start":{"line":74,"column":10},"end":{"line":74,"column":35}},"37":{"start":{"line":78,"column":6},"end":{"line":78,"column":21}},"38":{"start":{"line":81,"column":2},"end":{"line":81,"column":45}},"39":{"start":{"line":83,"column":0},"end":{"line":83,"column":61}},"40":{"start":{"line":85,"column":0},"end":{"line":85,"column":37}}},"branchMap":{"1":{"line":38,"type":"if","locations":[{"start":{"line":38,"column":2},"end":{"line":38,"column":2}},{"start":{"line":38,"column":2},"end":{"line":38,"column":2}}]},"2":{"line":56,"type":"if","locations":[{"start":{"line":56,"column":6},"end":{"line":56,"column":6}},{"start":{"line":56,"column":6},"end":{"line":56,"column":6}}]},"3":{"line":56,"type":"binary-expr","locations":[{"start":{"line":56,"column":10},"end":{"line":56,"column":25}},{"start":{"line":56,"column":29},"end":{"line":56,"column":45}}]},"4":{"line":61,"type":"if","locations":[{"start":{"line":61,"column":10},"end":{"line":61,"column":10}},{"start":{"line":61,"column":10},"end":{"line":61,"column":10}}]},"5":{"line":67,"type":"if","locations":[{"start":{"line":67,"column":10},"end":{"line":67,"column":10}},{"start":{"line":67,"column":10},"end":{"line":67,"column":10}}]},"6":{"line":72,"type":"cond-expr","locations":[{"start":{"line":72,"column":71},"end":{"line":72,"column":76}},{"start":{"line":72,"column":79},"end":{"line":72,"column":86}}]},"7":{"line":72,"type":"cond-expr","locations":[{"start":{"line":72,"column":107},"end":{"line":72,"column":114}},{"start":{"line":72,"column":117},"end":{"line":72,"column":122}}]},"8":{"line":73,"type":"if","locations":[{"start":{"line":73,"column":8},"end":{"line":73,"column":8}},{"start":{"line":73,"column":8},"end":{"line":73,"column":8}}]}},"code":["/*"," * sqlite.js"," *"," * Created by Andrzej Porebski on 10/29/15."," * Copyright (c) 2015-16 Andrzej Porebski."," *"," * This library is available under the terms of the MIT License (2008)."," * See http://opensource.org/licenses/alphabetical for full text."," */","var plugin = require('./lib/sqlite.core.js');","var {SQLiteFactory} = plugin;","","var config = [","","  // meaning: [returnValueExpected,prototype,fn,argsNeedPadding,reverseCallbacks,rejectOnError]","","  [false,\"SQLitePlugin\",\"transaction\",false,true,true],","  [false,\"SQLitePlugin\",\"readTransaction\",false,true,true],","  [false,\"SQLitePlugin\",\"close\",false,false,true],","  [false,\"SQLitePlugin\",\"executeSql\",true,false,true],","  [false,\"SQLitePlugin\",\"sqlBatch\",false,false,true],","  [false,\"SQLitePlugin\",\"attach\",true,false,true],","  [false,\"SQLitePlugin\",\"detach\",false,false,true],","  [false,\"SQLitePluginTransaction\",\"executeSql\",true,false,false],","  [false,\"SQLiteFactory\",\"deleteDatabase\",false,false,true],","  [true, \"SQLiteFactory\",\"openDatabase\",false,false,true],","  [false,\"SQLiteFactory\",\"echoTest\",false,false,true]","];","","var originalFns = {};","config.forEach(entry => {","  let [returnValueExpected,prototype,fn]= entry;","  let originalFn = plugin[prototype].prototype[fn];","  originalFns[prototype + \".\" + fn] = originalFn;","});","","function enablePromiseRuntime(enable){","  if (enable){","    createPromiseRuntime();","  } else {","    createCallbackRuntime();","  }","}","function createCallbackRuntime() {","  config.forEach(entry => {","    let [returnValueExpected,prototype,fn,argsNeedPadding,reverseCallbacks,rejectOnError]= entry;","    plugin[prototype].prototype[fn] = originalFns[prototype + \".\" + fn];","  });","  console.log(\"Callback based runtime ready\");","}","function createPromiseRuntime() {","  config.forEach(entry => {","    let [returnValueExpected,prototype,fn,argsNeedPadding,reverseCallbacks,rejectOnError]= entry;","    let originalFn = plugin[prototype].prototype[fn];","    plugin[prototype].prototype[fn] = function(...args){","      if (argsNeedPadding && args.length == 1){","        args.push([]);","      }","      var promise = new Promise((resolve,reject) => {","        let success = function(...args){","          if (!returnValueExpected) {","           return resolve(args);","          }","        };","        let error = function(err){","          console.log('error: ',fn,...args,arguments);","          if (rejectOnError) {","            reject(err);","          }","          return false;","        };","        var retValue = originalFn.call(this,...args,reverseCallbacks ? error : success, reverseCallbacks ? success : error);","        if (returnValueExpected){","          return resolve(retValue);","        }","      });","","      return promise;","    }","  });","  console.log(\"Promise based runtime ready\");","}","SQLiteFactory.prototype.enablePromise = enablePromiseRuntime;","","module.exports = new SQLiteFactory();",""],"l":{"10":2,"11":0,"13":0,"30":0,"31":0,"32":0,"33":0,"34":0,"37":1,"38":0,"39":0,"41":0,"44":1,"45":0,"46":0,"47":0,"49":0,"51":1,"52":0,"53":0,"54":0,"55":0,"56":0,"57":0,"59":0,"60":0,"61":0,"62":0,"65":0,"66":0,"67":0,"68":0,"70":0,"72":0,"73":0,"74":0,"78":0,"81":0,"83":0,"85":0}},"/home/travis/build/npmtest/node-npmtest-react-native-sqlite-storage/node_modules/react-native-sqlite-storage/lib/sqlite.core.js":{"path":"/home/travis/build/npmtest/node-npmtest-react-native-sqlite-storage/node_modules/react-native-sqlite-storage/lib/sqlite.core.js","s":{"1":4,"2":0,"3":0,"4":0,"5":0,"6":0,"7":0,"8":0,"9":0,"10":0,"11":0,"12":0,"13":0,"14":0,"15":0,"16":0,"17":0,"18":0,"19":0,"20":0,"21":0,"22":0,"23":0,"24":0,"25":0,"26":0,"27":0,"28":0,"29":0,"30":0,"31":0,"32":0,"33":0,"34":0,"35":0,"36":0,"37":0,"38":0,"39":0,"40":0,"41":0,"42":0,"43":0,"44":0,"45":0,"46":0,"47":0,"48":0,"49":0,"50":0,"51":0,"52":0,"53":0,"54":0,"55":0,"56":0,"57":0,"58":0,"59":0,"60":0,"61":0,"62":0,"63":0,"64":0,"65":0,"66":0,"67":0,"68":0,"69":0,"70":0,"71":0,"72":0,"73":0,"74":0,"75":0,"76":0,"77":0,"78":0,"79":0,"80":0,"81":0,"82":0,"83":0,"84":0,"85":0,"86":0,"87":0,"88":0,"89":0,"90":0,"91":0,"92":0,"93":0,"94":0,"95":0,"96":0,"97":0,"98":0,"99":0,"100":0,"101":0,"102":0,"103":0,"104":0,"105":0,"106":0,"107":0,"108":0,"109":0,"110":0,"111":0,"112":0,"113":0,"114":0,"115":0,"116":0,"117":0,"118":0,"119":0,"120":0,"121":0,"122":0,"123":0,"124":0,"125":0,"126":0,"127":0,"128":0,"129":0,"130":0,"131":0,"132":0,"133":0,"134":0,"135":0,"136":0,"137":0,"138":0,"139":0,"140":0,"141":0,"142":0,"143":0,"144":0,"145":0,"146":0,"147":0,"148":0,"149":0,"150":0,"151":0,"152":0,"153":0,"154":0,"155":0,"156":0,"157":0,"158":0,"159":0,"160":0,"161":0,"162":0,"163":0,"164":0,"165":0,"166":0,"167":0,"168":0,"169":0,"170":0,"171":0,"172":0,"173":0,"174":0,"175":0,"176":0,"177":0,"178":0,"179":0,"180":0,"181":0,"182":0,"183":0,"184":0,"185":0,"186":0,"187":0,"188":0,"189":0,"190":0,"191":0,"192":0,"193":0,"194":0,"195":0,"196":0,"197":0,"198":0,"199":0,"200":0,"201":0,"202":0,"203":0,"204":0,"205":0,"206":0,"207":0,"208":0,"209":0,"210":0,"211":0,"212":0,"213":0,"214":0,"215":0,"216":0,"217":0,"218":0,"219":0,"220":0,"221":0,"222":0,"223":0,"224":0,"225":0,"226":0,"227":0,"228":0,"229":0,"230":0,"231":0,"232":0,"233":0,"234":0,"235":0,"236":0,"237":0,"238":0,"239":0,"240":0,"241":0,"242":0,"243":0,"244":0,"245":0,"246":0,"247":0,"248":0,"249":0,"250":0,"251":0,"252":0,"253":0,"254":0,"255":0,"256":0,"257":0,"258":0,"259":0,"260":0,"261":0,"262":0,"263":0,"264":0,"265":0,"266":0,"267":0,"268":0,"269":0,"270":0,"271":0,"272":0,"273":0,"274":0,"275":0,"276":0,"277":0,"278":0,"279":0,"280":0,"281":0,"282":0,"283":0,"284":0,"285":0,"286":0,"287":0,"288":0,"289":0,"290":0,"291":0,"292":0,"293":0,"294":0,"295":0,"296":0,"297":0,"298":0,"299":0,"300":0,"301":0,"302":0,"303":0,"304":0,"305":0,"306":0,"307":0,"308":0,"309":0,"310":0,"311":0,"312":0,"313":0,"314":0,"315":0,"316":0,"317":0,"318":0,"319":0,"320":0,"321":0,"322":0,"323":0,"324":0,"325":0,"326":0,"327":0,"328":0,"329":0,"330":0,"331":0,"332":0,"333":0,"334":0,"335":0,"336":0,"337":0,"338":0,"339":0,"340":0,"341":0,"342":0,"343":0,"344":0,"345":0,"346":0,"347":0,"348":0,"349":0,"350":0,"351":0,"352":0,"353":0,"354":0,"355":0,"356":0,"357":0,"358":0,"359":0,"360":0,"361":0,"362":0,"363":0,"364":0,"365":0,"366":0,"367":0,"368":0,"369":0,"370":0,"371":0,"372":0,"373":0,"374":0,"375":0,"376":0,"377":0,"378":0,"379":0,"380":0,"381":0,"382":0,"383":0,"384":0,"385":0,"386":0,"387":0,"388":0,"389":0,"390":0,"391":0,"392":0,"393":0,"394":0,"395":0,"396":0,"397":0,"398":0,"399":0,"400":0,"401":0,"402":0,"403":0,"404":0,"405":0,"406":0,"407":0,"408":0,"409":0,"410":0,"411":0,"412":0,"413":0,"414":0,"415":0,"416":0,"417":0,"418":0,"419":0,"420":0,"421":0,"422":0,"423":0,"424":0,"425":0,"426":0,"427":0,"428":0,"429":0,"430":0,"431":0,"432":0,"433":0,"434":0,"435":0,"436":0,"437":0,"438":0,"439":0,"440":0,"441":0,"442":0,"443":0,"444":0,"445":0,"446":0,"447":0,"448":0,"449":0,"450":0,"451":0,"452":0,"453":0,"454":0,"455":0,"456":0,"457":0,"458":0,"459":0,"460":0,"461":0,"462":0,"463":0,"464":0,"465":0,"466":0,"467":0,"468":0,"469":0,"470":0,"471":0,"472":0,"473":0,"474":0,"475":0},"b":{"1":[0,0],"2":[0,0],"3":[0,0],"4":[0,0],"5":[0,0],"6":[0,0],"7":[0,0],"8":[0,0],"9":[0,0],"10":[0,0],"11":[0,0],"12":[0,0],"13":[0,0],"14":[0,0],"15":[0,0],"16":[0,0],"17":[0,0],"18":[0,0],"19":[0,0],"20":[0,0],"21":[0,0],"22":[0,0],"23":[0,0],"24":[0,0],"25":[0,0],"26":[0,0],"27":[0,0],"28":[0,0],"29":[0,0],"30":[0,0],"31":[0,0],"32":[0,0],"33":[0,0],"34":[0,0],"35":[0,0],"36":[0,0],"37":[0,0],"38":[0,0],"39":[0,0],"40":[0,0],"41":[0,0],"42":[0,0,0],"43":[0,0],"44":[0,0],"45":[0,0],"46":[0,0],"47":[0,0],"48":[0,0],"49":[0,0],"50":[0,0],"51":[0,0],"52":[0,0],"53":[0,0],"54":[0,0],"55":[0,0],"56":[0,0],"57":[0,0],"58":[0,0],"59":[0,0],"60":[0,0],"61":[0,0],"62":[0,0],"63":[0,0],"64":[0,0],"65":[0,0],"66":[0,0],"67":[0,0],"68":[0,0],"69":[0,0],"70":[0,0],"71":[0,0],"72":[0,0],"73":[0,0],"74":[0,0],"75":[0,0],"76":[0,0],"77":[0,0],"78":[0,0,0,0],"79":[0,0],"80":[0,0],"81":[0,0],"82":[0,0],"83":[0,0],"84":[0,0],"85":[0,0],"86":[0,0],"87":[0,0],"88":[0,0],"89":[0,0],"90":[0,0],"91":[0,0],"92":[0,0],"93":[0,0],"94":[0,0],"95":[0,0],"96":[0,0],"97":[0,0],"98":[0,0],"99":[0,0],"100":[0,0],"101":[0,0],"102":[0,0],"103":[0,0],"104":[0,0],"105":[0,0],"106":[0,0],"107":[0,0],"108":[0,0],"109":[0,0],"110":[0,0],"111":[0,0,0,0],"112":[0,0],"113":[0,0],"114":[0,0],"115":[0,0],"116":[0,0],"117":[0,0],"118":[0,0],"119":[0,0],"120":[0,0],"121":[0,0],"122":[0,0],"123":[0,0],"124":[0,0],"125":[0,0],"126":[0,0,0],"127":[0,0],"128":[0,0]},"f":{"1":0,"2":0,"3":0,"4":0,"5":0,"6":0,"7":0,"8":0,"9":0,"10":0,"11":0,"12":0,"13":0,"14":0,"15":0,"16":0,"17":0,"18":0,"19":0,"20":0,"21":0,"22":0,"23":0,"24":0,"25":0,"26":0,"27":0,"28":0,"29":0,"30":0,"31":0,"32":0,"33":0,"34":0,"35":0,"36":0,"37":0,"38":0,"39":0,"40":0,"41":0,"42":0,"43":0,"44":0,"45":0,"46":0,"47":0,"48":0,"49":0,"50":0,"51":0,"52":0,"53":0,"54":0,"55":0,"56":0,"57":0,"58":0,"59":0,"60":0,"61":0,"62":0,"63":0,"64":0,"65":0,"66":0,"67":0,"68":0,"69":0,"70":0,"71":0,"72":0,"73":0,"74":0,"75":0},"fnMap":{"1":{"name":"(anonymous_1)","line":29,"loc":{"start":{"line":29,"column":14},"end":{"line":29,"column":36}}},"2":{"name":"(anonymous_2)","line":53,"loc":{"start":{"line":53,"column":34},"end":{"line":53,"column":48}}},"3":{"name":"(anonymous_3)","line":63,"loc":{"start":{"line":63,"column":12},"end":{"line":63,"column":26}}},"4":{"name":"(anonymous_4)","line":64,"loc":{"start":{"line":64,"column":9},"end":{"line":64,"column":20}}},"5":{"name":"(anonymous_5)","line":80,"loc":{"start":{"line":80,"column":14},"end":{"line":80,"column":56}}},"6":{"name":"(anonymous_6)","line":87,"loc":{"start":{"line":87,"column":15},"end":{"line":87,"column":58}}},"7":{"name":"(anonymous_7)","line":100,"loc":{"start":{"line":100,"column":42},"end":{"line":100,"column":53}}},"8":{"name":"(anonymous_8)","line":103,"loc":{"start":{"line":103,"column":38},"end":{"line":103,"column":50}}},"9":{"name":"(anonymous_9)","line":115,"loc":{"start":{"line":115,"column":40},"end":{"line":115,"column":52}}},"10":{"name":"(anonymous_10)","line":134,"loc":{"start":{"line":134,"column":37},"end":{"line":134,"column":66}}},"11":{"name":"(anonymous_11)","line":142,"loc":{"start":{"line":142,"column":41},"end":{"line":142,"column":70}}},"12":{"name":"(anonymous_12)","line":150,"loc":{"start":{"line":150,"column":46},"end":{"line":150,"column":57}}},"13":{"name":"(anonymous_13)","line":153,"loc":{"start":{"line":153,"column":12},"end":{"line":153,"column":28}}},"14":{"name":"(anonymous_14)","line":154,"loc":{"start":{"line":154,"column":11},"end":{"line":154,"column":22}}},"15":{"name":"(anonymous_15)","line":171,"loc":{"start":{"line":171,"column":53},"end":{"line":171,"column":64}}},"16":{"name":"(anonymous_16)","line":185,"loc":{"start":{"line":185,"column":34},"end":{"line":185,"column":74}}},"17":{"name":"(anonymous_17)","line":208,"loc":{"start":{"line":208,"column":9},"end":{"line":208,"column":22}}},"18":{"name":"(anonymous_18)","line":217,"loc":{"start":{"line":217,"column":18},"end":{"line":217,"column":29}}},"19":{"name":"(anonymous_19)","line":222,"loc":{"start":{"line":222,"column":16},"end":{"line":222,"column":28}}},"20":{"name":"(anonymous_20)","line":234,"loc":{"start":{"line":234,"column":30},"end":{"line":234,"column":55}}},"21":{"name":"(anonymous_21)","line":239,"loc":{"start":{"line":239,"column":14},"end":{"line":239,"column":30}}},"22":{"name":"(anonymous_22)","line":240,"loc":{"start":{"line":240,"column":13},"end":{"line":240,"column":24}}},"23":{"name":"(anonymous_23)","line":246,"loc":{"start":{"line":246,"column":21},"end":{"line":246,"column":37}}},"24":{"name":"(anonymous_24)","line":247,"loc":{"start":{"line":247,"column":13},"end":{"line":247,"column":24}}},"25":{"name":"(anonymous_25)","line":264,"loc":{"start":{"line":264,"column":19},"end":{"line":264,"column":35}}},"26":{"name":"(anonymous_26)","line":265,"loc":{"start":{"line":265,"column":13},"end":{"line":265,"column":24}}},"27":{"name":"(anonymous_27)","line":279,"loc":{"start":{"line":279,"column":31},"end":{"line":279,"column":56}}},"28":{"name":"(anonymous_28)","line":293,"loc":{"start":{"line":293,"column":20},"end":{"line":293,"column":35}}},"29":{"name":"(anonymous_29)","line":298,"loc":{"start":{"line":298,"column":18},"end":{"line":298,"column":33}}},"30":{"name":"(anonymous_30)","line":310,"loc":{"start":{"line":310,"column":15},"end":{"line":310,"column":26}}},"31":{"name":"(anonymous_31)","line":317,"loc":{"start":{"line":317,"column":32},"end":{"line":317,"column":82}}},"32":{"name":"(anonymous_32)","line":326,"loc":{"start":{"line":326,"column":20},"end":{"line":326,"column":35}}},"33":{"name":"(anonymous_33)","line":331,"loc":{"start":{"line":331,"column":18},"end":{"line":331,"column":30}}},"34":{"name":"(anonymous_34)","line":342,"loc":{"start":{"line":342,"column":15},"end":{"line":342,"column":26}}},"35":{"name":"(anonymous_35)","line":349,"loc":{"start":{"line":349,"column":32},"end":{"line":349,"column":66}}},"36":{"name":"(anonymous_36)","line":358,"loc":{"start":{"line":358,"column":20},"end":{"line":358,"column":35}}},"37":{"name":"(anonymous_37)","line":363,"loc":{"start":{"line":363,"column":18},"end":{"line":363,"column":30}}},"38":{"name":"(anonymous_38)","line":376,"loc":{"start":{"line":376,"column":15},"end":{"line":376,"column":26}}},"39":{"name":"(anonymous_39)","line":383,"loc":{"start":{"line":383,"column":36},"end":{"line":383,"column":80}}},"40":{"name":"(anonymous_40)","line":385,"loc":{"start":{"line":385,"column":14},"end":{"line":385,"column":29}}},"41":{"name":"(anonymous_41)","line":390,"loc":{"start":{"line":390,"column":12},"end":{"line":390,"column":27}}},"42":{"name":"(anonymous_42)","line":397,"loc":{"start":{"line":397,"column":9},"end":{"line":397,"column":22}}},"43":{"name":"(anonymous_43)","line":403,"loc":{"start":{"line":403,"column":26},"end":{"line":403,"column":77}}},"44":{"name":"(anonymous_44)","line":426,"loc":{"start":{"line":426,"column":41},"end":{"line":426,"column":59}}},"45":{"name":"(anonymous_45)","line":434,"loc":{"start":{"line":434,"column":42},"end":{"line":434,"column":53}}},"46":{"name":"(anonymous_46)","line":449,"loc":{"start":{"line":449,"column":47},"end":{"line":449,"column":85}}},"47":{"name":"(anonymous_47)","line":466,"loc":{"start":{"line":466,"column":18},"end":{"line":466,"column":33}}},"48":{"name":"(anonymous_48)","line":471,"loc":{"start":{"line":471,"column":16},"end":{"line":471,"column":31}}},"49":{"name":"(anonymous_49)","line":481,"loc":{"start":{"line":481,"column":49},"end":{"line":481,"column":87}}},"50":{"name":"(anonymous_50)","line":514,"loc":{"start":{"line":514,"column":59},"end":{"line":514,"column":87}}},"51":{"name":"(anonymous_51)","line":524,"loc":{"start":{"line":524,"column":12},"end":{"line":524,"column":24}}},"52":{"name":"(anonymous_52)","line":531,"loc":{"start":{"line":531,"column":11},"end":{"line":531,"column":22}}},"53":{"name":"(anonymous_53)","line":543,"loc":{"start":{"line":543,"column":59},"end":{"line":543,"column":87}}},"54":{"name":"(anonymous_54)","line":552,"loc":{"start":{"line":552,"column":40},"end":{"line":552,"column":51}}},"55":{"name":"(anonymous_55)","line":560,"loc":{"start":{"line":560,"column":15},"end":{"line":560,"column":43}}},"56":{"name":"(anonymous_56)","line":561,"loc":{"start":{"line":561,"column":11},"end":{"line":561,"column":30}}},"57":{"name":"(anonymous_57)","line":608,"loc":{"start":{"line":608,"column":18},"end":{"line":608,"column":35}}},"58":{"name":"(anonymous_58)","line":627,"loc":{"start":{"line":627,"column":16},"end":{"line":627,"column":32}}},"59":{"name":"(anonymous_59)","line":639,"loc":{"start":{"line":639,"column":42},"end":{"line":639,"column":62}}},"60":{"name":"(anonymous_60)","line":645,"loc":{"start":{"line":645,"column":14},"end":{"line":645,"column":27}}},"61":{"name":"(anonymous_61)","line":652,"loc":{"start":{"line":652,"column":11},"end":{"line":652,"column":29}}},"62":{"name":"(anonymous_62)","line":668,"loc":{"start":{"line":668,"column":43},"end":{"line":668,"column":54}}},"63":{"name":"(anonymous_63)","line":674,"loc":{"start":{"line":674,"column":14},"end":{"line":674,"column":27}}},"64":{"name":"(anonymous_64)","line":681,"loc":{"start":{"line":681,"column":11},"end":{"line":681,"column":29}}},"65":{"name":"(anonymous_65)","line":697,"loc":{"start":{"line":697,"column":47},"end":{"line":697,"column":66}}},"66":{"name":"(anonymous_66)","line":709,"loc":{"start":{"line":709,"column":16},"end":{"line":709,"column":26}}},"67":{"name":"(anonymous_67)","line":711,"loc":{"start":{"line":711,"column":32},"end":{"line":711,"column":48}}},"68":{"name":"(anonymous_68)","line":716,"loc":{"start":{"line":716,"column":41},"end":{"line":716,"column":52}}},"69":{"name":"(anonymous_69)","line":722,"loc":{"start":{"line":722,"column":49},"end":{"line":722,"column":64}}},"70":{"name":"(anonymous_70)","line":777,"loc":{"start":{"line":777,"column":35},"end":{"line":777,"column":60}}},"71":{"name":"(anonymous_71)","line":779,"loc":{"start":{"line":779,"column":18},"end":{"line":779,"column":38}}},"72":{"name":"(anonymous_72)","line":786,"loc":{"start":{"line":786,"column":16},"end":{"line":786,"column":28}}},"73":{"name":"(anonymous_73)","line":793,"loc":{"start":{"line":793,"column":41},"end":{"line":793,"column":72}}},"74":{"name":"(anonymous_74)","line":810,"loc":{"start":{"line":810,"column":18},"end":{"line":810,"column":30}}},"75":{"name":"(anonymous_75)","line":816,"loc":{"start":{"line":816,"column":16},"end":{"line":816,"column":28}}}},"statementMap":{"1":{"start":{"line":16,"column":0},"end":{"line":16,"column":58}},"2":{"start":{"line":17,"column":0},"end":{"line":17,"column":166}},"3":{"start":{"line":19,"column":0},"end":{"line":19,"column":16}},"4":{"start":{"line":21,"column":0},"end":{"line":21,"column":88}},"5":{"start":{"line":23,"column":0},"end":{"line":23,"column":23}},"6":{"start":{"line":25,"column":0},"end":{"line":25,"column":23}},"7":{"start":{"line":27,"column":0},"end":{"line":27,"column":13}},"8":{"start":{"line":29,"column":0},"end":{"line":51,"column":2}},"9":{"start":{"line":30,"column":2},"end":{"line":30,"column":15}},"10":{"start":{"line":31,"column":2},"end":{"line":31,"column":19}},"11":{"start":{"line":32,"column":2},"end":{"line":34,"column":3}},"12":{"start":{"line":33,"column":4},"end":{"line":33,"column":13}},"13":{"start":{"line":35,"column":2},"end":{"line":38,"column":3}},"14":{"start":{"line":36,"column":4},"end":{"line":36,"column":75}},"15":{"start":{"line":37,"column":4},"end":{"line":37,"column":25}},"16":{"start":{"line":39,"column":2},"end":{"line":42,"column":3}},"17":{"start":{"line":40,"column":4},"end":{"line":40,"column":32}},"18":{"start":{"line":41,"column":4},"end":{"line":41,"column":25}},"19":{"start":{"line":43,"column":2},"end":{"line":45,"column":3}},"20":{"start":{"line":44,"column":4},"end":{"line":44,"column":25}},"21":{"start":{"line":46,"column":2},"end":{"line":49,"column":3}},"22":{"start":{"line":47,"column":4},"end":{"line":47,"column":87}},"23":{"start":{"line":48,"column":4},"end":{"line":48,"column":25}},"24":{"start":{"line":50,"column":2},"end":{"line":50,"column":18}},"25":{"start":{"line":53,"column":0},"end":{"line":55,"column":6}},"26":{"start":{"line":54,"column":6},"end":{"line":54,"column":32}},"27":{"start":{"line":63,"column":0},"end":{"line":78,"column":2}},"28":{"start":{"line":64,"column":2},"end":{"line":77,"column":4}},"29":{"start":{"line":65,"column":4},"end":{"line":65,"column":21}},"30":{"start":{"line":66,"column":4},"end":{"line":66,"column":27}},"31":{"start":{"line":67,"column":4},"end":{"line":76,"column":5}},"32":{"start":{"line":68,"column":6},"end":{"line":68,"column":16}},"33":{"start":{"line":69,"column":6},"end":{"line":69,"column":13}},"34":{"start":{"line":70,"column":6},"end":{"line":72,"column":7}},"35":{"start":{"line":71,"column":8},"end":{"line":71,"column":31}},"36":{"start":{"line":73,"column":6},"end":{"line":73,"column":34}},"37":{"start":{"line":75,"column":6},"end":{"line":75,"column":32}},"38":{"start":{"line":80,"column":0},"end":{"line":85,"column":2}},"39":{"start":{"line":81,"column":2},"end":{"line":83,"column":3}},"40":{"start":{"line":82,"column":4},"end":{"line":82,"column":74}},"41":{"start":{"line":84,"column":2},"end":{"line":84,"column":57}},"42":{"start":{"line":87,"column":0},"end":{"line":107,"column":2}},"43":{"start":{"line":88,"column":2},"end":{"line":88,"column":13}},"44":{"start":{"line":89,"column":2},"end":{"line":91,"column":3}},"45":{"start":{"line":90,"column":4},"end":{"line":90,"column":84}},"46":{"start":{"line":92,"column":2},"end":{"line":92,"column":25}},"47":{"start":{"line":93,"column":2},"end":{"line":95,"column":3}},"48":{"start":{"line":94,"column":4},"end":{"line":94,"column":70}},"49":{"start":{"line":96,"column":2},"end":{"line":96,"column":27}},"50":{"start":{"line":97,"column":2},"end":{"line":97,"column":23}},"51":{"start":{"line":98,"column":2},"end":{"line":98,"column":33}},"52":{"start":{"line":99,"column":2},"end":{"line":99,"column":29}},"53":{"start":{"line":100,"column":2},"end":{"line":102,"column":5}},"54":{"start":{"line":101,"column":4},"end":{"line":101,"column":40}},"55":{"start":{"line":103,"column":2},"end":{"line":105,"column":5}},"56":{"start":{"line":104,"column":4},"end":{"line":104,"column":27}},"57":{"start":{"line":106,"column":2},"end":{"line":106,"column":46}},"58":{"start":{"line":109,"column":0},"end":{"line":111,"column":2}},"59":{"start":{"line":113,"column":0},"end":{"line":113,"column":36}},"60":{"start":{"line":115,"column":0},"end":{"line":132,"column":2}},"61":{"start":{"line":116,"column":2},"end":{"line":121,"column":3}},"62":{"start":{"line":117,"column":4},"end":{"line":120,"column":6}},"63":{"start":{"line":122,"column":2},"end":{"line":122,"column":37}},"64":{"start":{"line":123,"column":2},"end":{"line":131,"column":3}},"65":{"start":{"line":124,"column":4},"end":{"line":124,"column":32}},"66":{"start":{"line":126,"column":4},"end":{"line":130,"column":5}},"67":{"start":{"line":127,"column":6},"end":{"line":127,"column":67}},"68":{"start":{"line":129,"column":6},"end":{"line":129,"column":102}},"69":{"start":{"line":134,"column":0},"end":{"line":140,"column":2}},"70":{"start":{"line":135,"column":2},"end":{"line":138,"column":3}},"71":{"start":{"line":136,"column":4},"end":{"line":136,"column":44}},"72":{"start":{"line":137,"column":4},"end":{"line":137,"column":11}},"73":{"start":{"line":139,"column":2},"end":{"line":139,"column":90}},"74":{"start":{"line":142,"column":0},"end":{"line":148,"column":2}},"75":{"start":{"line":143,"column":2},"end":{"line":146,"column":3}},"76":{"start":{"line":144,"column":4},"end":{"line":144,"column":44}},"77":{"start":{"line":145,"column":4},"end":{"line":145,"column":11}},"78":{"start":{"line":147,"column":2},"end":{"line":147,"column":90}},"79":{"start":{"line":150,"column":0},"end":{"line":169,"column":2}},"80":{"start":{"line":151,"column":2},"end":{"line":151,"column":11}},"81":{"start":{"line":152,"column":2},"end":{"line":152,"column":14}},"82":{"start":{"line":153,"column":2},"end":{"line":168,"column":12}},"83":{"start":{"line":154,"column":4},"end":{"line":167,"column":6}},"84":{"start":{"line":155,"column":6},"end":{"line":155,"column":17}},"85":{"start":{"line":156,"column":6},"end":{"line":159,"column":7}},"86":{"start":{"line":157,"column":8},"end":{"line":157,"column":72}},"87":{"start":{"line":158,"column":8},"end":{"line":158,"column":15}},"88":{"start":{"line":160,"column":6},"end":{"line":160,"column":36}},"89":{"start":{"line":161,"column":6},"end":{"line":166,"column":7}},"90":{"start":{"line":162,"column":8},"end":{"line":162,"column":82}},"91":{"start":{"line":163,"column":13},"end":{"line":166,"column":7}},"92":{"start":{"line":164,"column":8},"end":{"line":164,"column":33}},"93":{"start":{"line":165,"column
[...]
","    if (!!success) {","      return success(r);","    }","  };","  myerror = function(t, e) {","    if (!!error) {","      return error(e);","    } else {","      console.log(\"Error handler not provided: \",e);","    }","  };","  myfn = function(tx) {","    tx.addStatement(statement, params, mysuccess, myerror);","  };","  this.addTransaction(new SQLitePluginTransaction(this, myfn, null, null, false, false));","};","","SQLitePluginTransaction = function(db, fn, error, success, txlock, readOnly) {","  if (typeof fn !== \"function\") {","    /*","     This is consistent with the implementation in Chrome -- it","     throws if you pass anything other than a function. This also","     prevents us from stalling our txQueue if somebody passes a","     false value for fn.","     */","    let err = newSQLError(\"transaction expected a function\");","    if (!!error) {","      return error(err);","    } else {","      throw err;","    }","  }","  this.db = db;","  this.fn = fn;","  this.error = error;","  this.success = success;","  this.txlock = txlock;","  this.readOnly = readOnly;","  this.executes = [];","  if (txlock) {","    this.addStatement(\"BEGIN\", [], null, function(tx, err) {","      throw newSQLError(\"unable to begin transaction: \" + err.message, err.code);","    });","  } else {","    this.addStatement(\"SELECT 1\", [], null, null);","  }","};","","SQLitePluginTransaction.prototype.start = function() {","  var err;","  try {","    this.fn(this);","    this.run();","  } catch (_error) {","    err = _error;","    txLocks[this.db.dbname].inProgress = false;","    this.db.startNextTransaction();","    if (this.error) {","      this.error(newSQLError(err));","    }","  }","};","","SQLitePluginTransaction.prototype.executeSql = function(sql, values, success, error) {","  var that = this;","  if (that.finalized) {","    throw {","      message: 'InvalidStateError: DOM Exception 11: This transaction is already finalized. Transactions are committed' +","      ' after its success or failure handlers are called. If you are using a Promise to handle callbacks, be aware that' +","      ' implementations following the A+ standard adhere to run-to-completion semantics and so Promise resolution occurs' +","      ' on a subsequent tick and therefore after the transaction commits.',","      code: 11","    };","  }","  if (that.readOnly && READ_ONLY_REGEX.test(sql)) {","    that.handleStatementFailure(error, {","      message: 'invalid sql for a read-only transaction'","    });","    return;","  }","  let mysuccess = function(t, r) {","    if (!!success) {","      return success(t,r);","    }","  };","  let myerror = function(t, e) {","    if (!!error) {","      return error(e);","    } else {","      console.log(\"Error handler not provided: \",e);","    }","  };","  that.addStatement(sql, values, mysuccess, myerror);","};","","SQLitePluginTransaction.prototype.addStatement = function(sql, values, success, error) {","  var j, len1, params, sqlStatement, t, v;","  sqlStatement = typeof sql === 'string' ? sql : sql.toString();","  params = [];","  if (!!values && values.constructor === Array) {","    for (j = 0, len1 = values.length; j < len1; j++) {","      v = values[j];","      t = typeof v;","      if (v === null || v === void 0 || t === 'number' || t === 'string'){","        params.push(v);","      } else if (t === 'boolean') {","        //Convert true -> 1 / false -> 0","        params.push(~~v);","      }","      else if (t !== 'function') {","        params.push(v.toString());","        console.warn('addStatement - parameter of type <'+t+'> converted to string using toString()')","      } else {","        let errorMsg = 'Unsupported parameter type <'+t+'> found in addStatement()';","        console.error(errorMsg);","        error(newSQLError(errorMsg));","        return;","      }","    }","  }","  this.executes.push({","    success: success,","    error: error,","    sql: sqlStatement,","    params: params","  });","};","","SQLitePluginTransaction.prototype.handleStatementSuccess = function(handler, response) {","  // console.log('handler response:',response,response.rows);","  var payload, rows;","  if (!handler) {","    return;","  }","  rows = response.rows || [];","  // console.log('handler rows now:',rows);","  payload = {","    rows: {","      item: function(i) {","        return rows[i];","      },","      /**","       * non-standard Web SQL Database method to expose a copy of raw results","       * @return {Array}","       */","      raw: function() {","        return rows.slice();","      },","      length: rows.length","    },","    rowsAffected: response.rowsAffected || 0,","    insertId: response.insertId || void 0","  };","  // console.log('handler response payload:',payload);","  handler(this, payload);","};","","SQLitePluginTransaction.prototype.handleStatementFailure = function(handler, response) {","  if (!handler) {","    throw newSQLError(\"a statement with no error handler failed: \" + response.message, response.code);","  }","  if (handler(this, response) !== false) {","    throw newSQLError(\"a statement error callback did not return false: \" + response.message, response.code);","  }","};","","SQLitePluginTransaction.prototype.run = function() {","  var batchExecutes, handlerFor, i, callbacks, request, tropts, tx, txFailure, waiting;","  txFailure = null;","  tropts = [];","  batchExecutes = this.executes;","  waiting = batchExecutes.length;","  this.executes = [];","  tx = this;","  handlerFor = function(index, didSucceed) {","    return function(response) {","      if (!txFailure) {","        try {","          if (didSucceed) {","            tx.handleStatementSuccess(batchExecutes[index].success, response);","          } else {","            tx.handleStatementFailure(batchExecutes[index].error, newSQLError(response));","          }","        } catch (err) {","          let errorMsg = JSON.stringify(err);","          if(errorMsg === \"{}\") errorMsg = err.toString();","          console.log(\"warning - exception while invoking a callback: \" + errorMsg);","        }","","        if (!didSucceed) {","          txFailure = newSQLError(response);","        }","      }","      if (--waiting === 0) {","        if (txFailure) {","          tx.executes = [];","          tx.abort(txFailure);","        } else if (tx.executes.length > 0) {","          tx.run();","        } else {","          tx.finish();","        }","      }","    };","  };","  ","  i = 0;","  callbacks = [];","  while (i < batchExecutes.length) {","    request = batchExecutes[i];","    callbacks.push({","      success: handlerFor(i, true),","      error: handlerFor(i, false)","    });","    tropts.push({","      qid: 1111,","      sql: request.sql,","      params: request.params","    });","    i++;","  }","","  let mysuccess = function(result) {","    var j, last, q, r, res, type;","    if (result.length == 0){","      return;","    }","    last = result.length - 1;","    for (j = 0; j <= last; ++j) {","      r = result[j];","      type = r.type;","      res = r.result;","      q = callbacks[j];","      if (q) {","        if (q[type]) {","          q[type](res);","        }","      }","    }","  };","","  var myerror = function(error) {","    console.log(\"batch execution error: \",error);","  };","","  plugin.exec(\"backgroundExecuteSqlBatch\",{","    dbargs: {","      dbname: this.db.dbname","    },","    executes: tropts","  }, mysuccess, myerror);","};","","SQLitePluginTransaction.prototype.abort = function(txFailure) {","  var failed, succeeded, tx;","  if (this.finalized) {","    return;","  }","  tx = this;","  succeeded = function(tx) {","    txLocks[tx.db.dbname].inProgress = false;","    tx.db.startNextTransaction();","    if (tx.error) {","      tx.error(txFailure);","    }","  };","  failed = function(tx, err) {","    txLocks[tx.db.dbname].inProgress = false;","    tx.db.startNextTransaction();","    if (tx.error) {","      tx.error(newSQLError(\"error while trying to roll back: \" + err.message, err.code));","    }","  };","  this.finalized = true;","  if (this.txlock) {","    this.addStatement(\"ROLLBACK\", [], succeeded, failed);","    this.run();","  } else {","    succeeded(tx);","  }","};","","SQLitePluginTransaction.prototype.finish = function() {","  var failed, succeeded, tx;","  if (this.finalized) {","    return;","  }","  tx = this;","  succeeded = function(tx) {","    txLocks[tx.db.dbname].inProgress = false;","    tx.db.startNextTransaction();","    if (tx.success) {","      tx.success();","    }","  };","  failed = function(tx, err) {","    txLocks[tx.db.dbname].inProgress = false;","    tx.db.startNextTransaction();","    if (tx.error) {","      tx.error(newSQLError(\"error while trying to commit: \" + err.message, err.code));","    }","  };","  this.finalized = true;","  if (this.txlock) {","    this.addStatement(\"COMMIT\", [], succeeded, failed);","    this.run();","  } else {","    succeeded(tx);","  }","};","","SQLitePluginTransaction.prototype.abortFromQ = function(sqlerror) {","  if (this.error) {","    this.error(sqlerror);","  }","};","","dblocations = {","  'default' : 'nosync',","  'Documents' : 'docs',","  'Library' : 'libs'","};","","SQLiteFactory = function(){};","","SQLiteFactory.prototype.DEBUG = function(debug) {","  console.log(\"Setting debug to:\",debug);","  plugin.sqlitePlugin.DEBUG = debug;","};","","SQLiteFactory.prototype.sqliteFeatures = function() {","  return {","    isSQLitePlugin: true","  };","};","","SQLiteFactory.prototype.openDatabase = argsArray(function(args) {","  var errorcb, first, okcb, openargs, readOnly;","  if (args.length < 1) {","    return null;","  }","  first = args[0];","  openargs = null;","  okcb = errorcb = () => {};","  if (first.constructor === String) {","    openargs = {","      name: first,","      dblocation : dblocations['default']","    };","    if (args.length >= 5) {","      okcb = args[4];","      if (args.length > 5) {","        errorcb = args[5];","      }","    }","  } else {","    openargs = first;","    readOnly = !!openargs.readOnly;","    if (!readOnly && (!openargs.location || openargs.location.constructor !== String || !dblocations.hasOwnProperty(openargs.location))) {","      openargs.dblocation = dblocations['default'];","    } else {","      openargs.dblocation = dblocations[openargs.location];","    }","","    if (!!openargs.createFromLocation) {","      if (openargs.createFromLocation === 1) {","        openargs.assetFilename = \"1\";","      } else if (typeof openargs.createFromLocation == 'string'){","        openargs.assetFilename = openargs.createFromLocation;","      }","    }","","    if (!!openargs.androidDatabaseImplementation && openargs.androidDatabaseImplementation === 2) {","      openargs.androidOldDatabaseImplementation = 1;","    }","","    if (!!openargs.androidLockWorkaround && openargs.androidLockWorkaround === 1) {","      openargs.androidBugWorkaround = 1;","    }","","    if (args.length >= 2) {","      okcb = args[1];","      if (args.length > 2) {","        errorcb = args[2];","      }","    }","  }","","  return new SQLitePlugin(openargs, okcb, errorcb);","});","","SQLiteFactory.prototype.echoTest = function(success, error) {","  let inputTestValue = 'test-string';","  let mysuccess = function(testValue) {","    if (testValue === inputTestValue) {","      return success();","    } else {","      return error(`Mismatch: got: ${testValue} , expected: ${inputTestValue}`);","    }","  };","  let myerror = function(e) {","    return error(e);","  };","","  plugin.exec(\"echoStringValue\",{value: inputTestValue}, mysuccess, myerror);","};","","SQLiteFactory.prototype.deleteDatabase = function(first,success, error) {","  var args = {};","  if (first.constructor === String) {","    args.path = first;","    args.dblocation = dblocations['default'];","  } else {","    if (!(first && first['name'])) {","      throw new Error(\"Please specify db name via name property\");","    }","    args.path = first.name;","    if (!first.location || first.location.constructor !== String || !dblocations.hasOwnProperty(first.location)) {","      args.dblocation = dblocations['default'];","    } else {","      args.dblocation = dblocations[first.location];","    }","  }","","  let mysuccess = function(r) {","    delete SQLitePlugin.prototype.openDBs[args.path];","    if (!!success) {","      return success(r);","    }","  };","  let myerror = function(e) {","    if (!!error) {","      return error(e);","    } else {","      console.log(\"deleteDatabase error handler not provided: \",e);","    }","  };","","  plugin.exec(\"delete\",args,mysuccess,myerror);","};","","plugin.sqlitePlugin = {","  SQLiteFactory : SQLiteFactory,","  SQLitePluginTransaction : SQLitePluginTransaction,","  SQLitePlugin : SQLitePlugin","};","","module.exports = plugin.sqlitePlugin;",""],"l":{"16":4,"17":0,"19":0,"21":0,"23":0,"25":0,"27":0,"29":0,"30":0,"31":0,"32":0,"33":0,"35":0,"36":0,"37":0,"39":0,"40":0,"41":0,"43":0,"44":0,"46":0,"47":0,"48":0,"50":0,"53":0,"54":0,"63":0,"64":0,"65":0,"66":0,"67":0,"68":0,"69":0,"70":0,"71":0,"73":0,"75":0,"80":0,"81":0,"82":0,"84":0,"87":0,"88":0,"89":0,"90":0,"92":0,"93":0,"94":0,"96":0,"97":0,"98":0,"99":0,"100":0,"101":0,"103":0,"104":0,"106":0,"109":0,"113":0,"115":0,"116":0,"117":0,"122":0,"123":0,"124":0,"126":0,"127":0,"129":0,"134":0,"135":0,"136":0,"137":0,"139":0,"142":0,"143":0,"144":0,"145":0,"147":0,"150":0,"151":0,"152":0,"153":0,"154":0,"155":0,"156":0,"157":0,"158":0,"160":0,"161":0,"162":0,"163":0,"164":0,"165":0,"171":0,"172":0,"173":0,"174":0,"175":0,"176":0,"177":0,"178":0,"180":0,"181":0,"185":0,"186":0,"187":0,"188":0,"190":0,"191":0,"192":0,"193":0,"194":0,"195":0,"197":0,"202":0,"208":0,"209":0,"210":0,"211":0,"212":0,"213":0,"215":0,"217":0,"218":0,"219":0,"222":0,"223":0,"224":0,"226":0,"230":0,"234":0,"235":0,"237":0,"238":0,"239":0,"240":0,"241":0,"245":0,"246":0,"247":0,"248":0,"249":0,"250":0,"252":0,"253":0,"255":0,"256":0,"258":0,"259":0,"260":0,"264":0,"265":0,"266":0,"267":0,"268":0,"270":0,"271":0,"274":0,"275":0,"279":0,"280":0,"281":0,"282":0,"283":0,"284":0,"286":0,"287":0,"288":0,"289":0,"291":0,"293":0,"294":0,"295":0,"298":0,"299":0,"300":0,"302":0,"305":0,"307":0,"308":0,"309":0,"310":0,"311":0,"317":0,"318":0,"319":0,"320":0,"321":0,"322":0,"324":0,"326":0,"327":0,"328":0,"331":0,"332":0,"333":0,"335":0,"338":0,"340":0,"341":0,"342":0,"343":0,"349":0,"350":0,"351":0,"352":0,"353":0,"354":0,"356":0,"358":0,"359":0,"360":0,"363":0,"364":0,"365":0,"366":0,"368":0,"371":0,"373":0,"374":0,"375":0,"376":0,"377":0,"383":0,"384":0,"385":0,"386":0,"387":0,"390":0,"391":0,"392":0,"394":0,"397":0,"398":0,"400":0,"403":0,"404":0,"411":0,"412":0,"413":0,"415":0,"418":0,"419":0,"420":0,"421":0,"422":0,"423":0,"424":0,"425":0,"426":0,"427":0,"430":0,"434":0,"435":0,"436":0,"437":0,"438":0,"440":0,"441":0,"442":0,"443":0,"444":0,"449":0,"450":0,"451":0,"452":0,"460":0,"461":0,"464":0,"466":0,"467":0,"468":0,"471":0,"472":0,"473":0,"475":0,"478":0,"481":0,"482":0,"483":0,"484":0,"485":0,"486":0,"487":0,"488":0,"489":0,"490":0,"491":0,"493":0,"495":0,"496":0,"497":0,"499":0,"500":0,"501":0,"502":0,"506":0,"514":0,"516":0,"517":0,"518":0,"520":0,"522":0,"525":0,"532":0,"540":0,"543":0,"544":0,"545":0,"547":0,"548":0,"552":0,"553":0,"554":0,"555":0,"556":0,"557":0,"558":0,"559":0,"560":0,"561":0,"562":0,"563":0,"564":0,"565":0,"567":0,"570":0,"571":0,"572":0,"575":0,"576":0,"579":0,"580":0,"581":0,"582":0,"583":0,"584":0,"586":0,"592":0,"593":0,"594":0,"595":0,"596":0,"600":0,"605":0,"608":0,"609":0,"610":0,"611":0,"613":0,"614":0,"615":0,"616":0,"617":0,"618":0,"619":0,"620":0,"621":0,"627":0,"628":0,"631":0,"639":0,"640":0,"641":0,"642":0,"644":0,"645":0,"646":0,"647":0,"648":0,"649":0,"652":0,"653":0,"654":0,"655":0,"656":0,"659":0,"660":0,"661":0,"662":0,"664":0,"668":0,"669":0,"670":0,"671":0,"673":0,"674":0,"675":0,"676":0,"677":0,"678":0,"681":0,"682":0,"683":0,"684":0,"685":0,"688":0,"689":0,"690":0,"691":0,"693":0,"697":0,"698":0,"699":0,"703":0,"709":0,"711":0,"712":0,"713":0,"716":0,"717":0,"722":0,"723":0,"724":0,"725":0,"727":0,"728":0,"729":0,"730":0,"731":0,"735":0,"736":0,"737":0,"738":0,"742":0,"743":0,"744":0,"745":0,"747":0,"750":0,"751":0,"752":0,"753":0,"754":0,"758":0,"759":0,"762":0,"763":0,"766":0,"767":0,"768":0,"769":0,"774":0,"777":0,"778":0,"779":0,"780":0,"781":0,"783":0,"786":0,"787":0,"790":0,"793":0,"794":0,"795":0,"796":0,"797":0,"799":0,"800":0,"802":0,"803":0,"804":0,"806":0,"810":0,"811":0,"812":0,"813":0,"816":0,"817":0,"818":0,"820":0,"824":0,"827":0,"833":0}},"/home/travis/build/npmtest/node-npmtest-react-native-sqlite-storage/node_modules/react-native-sqlite-storage/scripts/rnpm-postlink.js":{"path":"/home/travis/build/npmtest/node-npmtest-react-native-sqlite-storage/node_modules/react-native-sqlite-storage/scripts/rnpm-postlink.js","s":{"1":1,"2":1,"3":1,"4":1,"5":1,"6":1,"7":0,"8":0,"9":0,"10":0,"11":0,"12":0,"13":0,"14":0,"15":0,"16":0},"b":{"1":[0,1],"2":[0,0]},"f":{"1":0},"fnMap":{"1":{"name":"(anonymous_1)","line":29,"loc":{"start":{"line":29,"column":29},"end":{"line":29,"column":44}}}},"statementMap":{"1":{"start":{"line":5,"column":0},"end":{"line":5,"column":37}},"2":{"start":{"line":6,"column":0},"end":{"line":6,"column":23}},"3":{"start":{"line":7,"column":0},"end":{"line":7,"column":49}},"4":{"start":{"line":8,"column":0},"end":{"line":8,"column":29}},"5":{"start":{"line":11,"column":0},"end":{"line":11,"column":36}},"6":{"start":{"line":13,"column":0},"end":{"line":38,"column":1}},"7":{"start":{"line":14,"column":4},"end":{"line":14,"column":41}},"8":{"start":{"line":15,"column":4},"end":{"line":15,"column":53}},"9":{"start":{"line":16,"column":4},"end":{"line":16,"column":47}},"10":{"start":{"line":19,"column":4},"end":{"line":27,"column":5}},"11":{"start":{"line":20,"column":8},"end":{"line":20,"column":63}},"12":{"start":{"line":21,"column":8},"end":{"line":21,"column":73}},"13":{"start":{"line":23,"column":8},"end":{"line":26,"column":11}},"14":{"start":{"line":29,"column":4},"end":{"line":35,"column":7}},"15":{"start":{"line":30,"column":8},"end":{"line":34,"column":11}},"16":{"start":{"line":37,"column":4},"end":{"line":37,"column":51}}},"branchMap":{"1":{"line":13,"type":"if","locations":[{"start":{"line":13,"column":0},"end":{"line":13,"column":0}},{"start":{"line":13,"column":0},"end":{"line":13,"column":0}}]},"2":{"line":19,"type":"if","locations":[{"start":{"line":19,"column":4},"end":{"line":19,"column":4}},{"start":{"line":19,"column":4},"end":{"line":19,"column":4}}]}},"code":["//#!/usr/bin/env node","","'use strict';","","require('react-native/setupBabel')();","var fs = require('fs');","var cli = require('react-native/local-cli/core');","var xcode = require('xcode');","","// The current working directory should be project root of the app that is linking react-native-sqlite.","var config = cli.getProjectConfig();","","if (config.ios) {","    var pbxproj = config.ios.pbxprojPath;","    var project = xcode.project(pbxproj).parseSync();","    var target = project.getFirstTarget().uuid;","","    // Create a Frameworks group if necessary.","    if (!project.pbxGroupByName('Frameworks')) {","        var group = project.pbxCreateGroup('Frameworks', '\"\"');","        var mainGroup = project.getFirstProject().firstProject.mainGroup;","","        project.getPBXGroupByKey(mainGroup).children.push({","            value: group,","            comment: 'Frameworks',","        });","    }","","    ['libsqlite3.0'].forEach(function(name) {","        project.addFramework('usr/lib/' + name + '.tbd', {","            lastKnownFileType: 'sourcecode.text-based-dylib-definition',","            sourceTree: 'SDKROOT',","            target: target,","        });","    });","","    fs.writeFileSync(pbxproj, project.writeSync());","}",""],"l":{"5":1,"6":1,"7":1,"8":1,"11":1,"13":1,"14":0,"15":0,"16":0,"19":0,"20":0,"21":0,"23":0,"29":0,"30":0,"37":0}}}